2020-04-21 16:48:01.860000 - Beginning python process...
2020-04-21 16:48:01.862000 - Accessing list of services...
2020-04-21 16:48:14.772000 - data refresh completed!
2020-04-21 16:48:14.774000 - Python process complete...
2020-04-21 16:57:29.169000 - Beginning python process...
2020-04-21 16:57:29.171000 - Accessing list of services...
2020-04-21 16:57:29.615000 - Exception caught:  list indices must be integers, not str
2020-04-21 16:57:29.618000 - Python process complete...
2020-04-21 16:58:56.354000 - Beginning python process...
2020-04-21 16:58:56.357000 - Accessing list of services...
2020-04-21 16:59:10.671000 - data refresh completed!
2020-04-21 16:59:10.674000 - Python process complete...
2020-04-21 16:59:44.824000 - Beginning python process...
2020-04-21 16:59:44.826000 - Accessing list of services...
2020-04-21 16:59:57.339000 - data refresh completed!
2020-04-21 16:59:57.350000 - Python process complete...
2020-04-21 17:02:03.934000 - Beginning python process...
2020-04-21 17:02:03.936000 - Accessing list of services...
2020-04-21 17:02:04.392000 - Exception caught:  list indices must be integers, not str
2020-04-21 17:02:04.395000 - Python process complete...
2020-04-21 17:05:02.306000 - Beginning python process...
2020-04-21 17:05:02.308000 - Accessing list of services...
2020-04-21 17:05:02.678000 - Exception caught:  string indices must be integers, not str
2020-04-21 17:05:02.681000 - Python process complete...
2020-04-21 17:07:09.547000 - Beginning python process...
2020-04-21 17:07:09.554000 - Accessing list of services...
2020-04-21 17:07:09.899000 - Exception caught:  'list' object has no attribute 'json'
2020-04-21 17:07:09.902000 - Python process complete...
2020-04-21 17:09:29.210000 - Beginning python process...
2020-04-21 17:09:29.219000 - Accessing list of services...
2020-04-21 17:09:29.583000 - Exception caught:  'id'
2020-04-21 17:09:29.585000 - Python process complete...
2020-04-21 17:10:20.105000 - Beginning python process...
2020-04-21 17:10:20.110000 - Accessing list of services...
2020-04-21 17:10:20.365000 - Exception caught:  'id'
2020-04-21 17:10:20.368000 - Python process complete...
2020-04-21 17:11:46.135000 - Beginning python process...
2020-04-21 17:11:46.139000 - Accessing list of services...
2020-04-21 17:11:57.426000 - data refresh completed!
2020-04-21 17:11:57.429000 - Python process complete...
2020-04-21 17:14:00.731000 - Beginning python process...
2020-04-21 17:14:00.734000 - Accessing list of services...
2020-04-21 17:14:01.097000 - Exception caught:  expected string or buffer
2020-04-21 17:14:01.104000 - Python process complete...
2020-04-21 17:17:15.079000 - Beginning python process...
2020-04-21 17:17:15.082000 - Accessing list of services...
2020-04-21 17:17:15.472000 - Exception caught:  expected string or buffer
2020-04-21 17:17:15.475000 - Python process complete...
2020-04-21 17:18:00.693000 - Beginning python process...
2020-04-21 17:18:00.696000 - Accessing list of services...
2020-04-21 17:18:10.309000 - data refresh completed!
2020-04-21 17:18:10.321000 - Python process complete...
2020-04-21 17:18:53.749000 - Beginning python process...
2020-04-21 17:18:53.752000 - Accessing list of services...
2020-04-21 17:18:54.109000 - Exception caught:  list indices must be integers, not str
2020-04-21 17:18:54.112000 - Python process complete...
2020-04-21 17:20:44.072000 - Beginning python process...
2020-04-21 17:20:44.076000 - Accessing list of services...
2020-04-21 17:20:44.585000 - Exception caught:  expected string or buffer
2020-04-21 17:20:44.637000 - Python process complete...
2020-04-22 10:48:47.377000 - Beginning python process...
2020-04-22 10:48:47.419000 - Accessing list of services...
2020-04-22 10:48:48.128000 - Exception caught:  'id'
2020-04-22 10:48:48.233000 - Python process complete...
2020-04-22 10:53:53.977000 - Beginning python process...
2020-04-22 10:53:54.027000 - Accessing list of services...
2020-04-22 10:53:54.609000 - Exception caught:  expected string or buffer
2020-04-22 10:53:54.616000 - Python process complete...
2020-04-22 10:54:54.046000 - Beginning python process...
2020-04-22 10:54:54.057000 - Accessing list of services...
2020-04-22 10:54:54.635000 - Exception caught:  expected string or buffer
2020-04-22 10:54:54.652000 - Python process complete...
2020-04-22 10:57:10.954000 - Beginning python process...
2020-04-22 10:57:10.957000 - Accessing list of services...
2020-04-22 10:57:11.334000 - Exception caught:  'str' object is not callable
2020-04-22 10:57:11.337000 - Python process complete...
2020-04-22 11:08:27.692000 - Beginning python process...
2020-04-22 11:08:27.707000 - Accessing list of services...
2020-04-22 11:08:28.308000 - Exception caught:  string indices must be integers, not str
2020-04-22 11:08:28.312000 - Python process complete...
2020-04-22 11:09:26.182000 - Beginning python process...
2020-04-22 11:09:26.190000 - Accessing list of services...
2020-04-22 11:09:26.824000 - Exception caught:  string indices must be integers, not str
2020-04-22 11:09:26.851000 - Python process complete...
2020-04-22 11:10:20.334000 - Beginning python process...
2020-04-22 11:10:20.433000 - Accessing list of services...
2020-04-22 11:10:21.273000 - Exception caught:  string indices must be integers, not builtin_function_or_method
2020-04-22 11:10:21.290000 - Python process complete...
2020-04-22 11:26:24.901000 - Beginning python process...
2020-04-22 11:26:24.905000 - Accessing list of services...
2020-04-22 11:26:25.617000 - Exception caught:  'list' object has no attribute 'replace'
2020-04-22 11:26:25.621000 - Python process complete...
2020-04-22 11:31:51.340000 - Beginning python process...
2020-04-22 11:31:51.351000 - Accessing list of services...
2020-04-22 11:32:11.607000 - data refresh completed!
2020-04-22 11:32:11.614000 - Python process complete...
2020-04-22 11:34:11.703000 - Beginning python process...
2020-04-22 11:34:11.715000 - Accessing list of services...
2020-04-22 11:34:12.166000 - Exception caught:  'str' object has no attribute 'read'
2020-04-22 11:34:12.171000 - Python process complete...
2020-04-22 11:35:20.488000 - Beginning python process...
2020-04-22 11:35:20.510000 - Accessing list of services...
2020-04-22 11:35:21.265000 - Exception caught:  'str' object has no attribute 'get'
2020-04-22 11:35:21.269000 - Python process complete...
2020-04-22 11:36:30.632000 - Beginning python process...
2020-04-22 11:36:30.637000 - Accessing list of services...
2020-04-22 11:36:49.482000 - data refresh completed!
2020-04-22 11:36:49.492000 - Python process complete...
2020-04-22 11:41:14.084000 - Beginning python process...
2020-04-22 11:41:14.095000 - Accessing list of services...
2020-04-22 11:41:32.923000 - data refresh completed!
2020-04-22 11:41:32.938000 - Python process complete...
2020-04-22 11:42:19.323000 - Beginning python process...
2020-04-22 11:42:23.358000 - Accessing list of services...
2020-04-22 11:42:24.476000 - Exception caught:  string indices must be integers, not str
2020-04-22 11:42:29.255000 - Python process complete...
2020-04-22 12:00:30.055000 - Beginning python process...
2020-04-22 12:00:30.076000 - Accessing list of services...
2020-04-22 12:00:30.544000 - Exception caught:  global name 'urlluid' is not defined
2020-04-22 12:00:30.548000 - Python process complete...
2020-04-22 12:03:05.236000 - Beginning python process...
2020-04-22 12:03:05.240000 - Accessing list of services...
2020-04-22 12:03:18.094000 - data refresh completed!
2020-04-22 12:03:18.098000 - Python process complete...
2020-04-22 12:04:36.094000 - Beginning python process...
2020-04-22 12:04:36.105000 - Accessing list of services...
2020-04-22 12:04:36.753000 - Exception caught:  string indices must be integers, not str
2020-04-22 12:04:36.757000 - Python process complete...
2020-04-22 12:06:58.397000 - Beginning python process...
2020-04-22 12:06:58.435000 - Accessing list of services...
2020-04-22 12:07:13.189000 - Exception caught:  No JSON object could be decoded
2020-04-22 12:07:13.194000 - Python process complete...
2020-04-22 12:08:27.628000 - Beginning python process...
2020-04-22 12:08:27.647000 - Accessing list of services...
2020-04-22 12:08:28.193000 - Exception caught:  coercing to Unicode: need string or buffer, dict found
2020-04-22 12:08:28.245000 - Python process complete...
2020-04-22 12:10:45.080000 - Beginning python process...
2020-04-22 12:10:45.090000 - Accessing list of services...
2020-04-22 12:10:45.733000 - Exception caught:  coercing to Unicode: need string or buffer, int found
2020-04-22 12:10:45.737000 - Python process complete...
2020-04-22 12:11:49.270000 - Beginning python process...
2020-04-22 12:11:49.291000 - Accessing list of services...
2020-04-22 12:12:05.501000 - Exception caught:  No JSON object could be decoded
2020-04-22 12:12:05.517000 - Python process complete...
2020-04-22 14:11:43.920000 - Beginning python process...
2020-04-22 14:11:43.944000 - Accessing list of services...
2020-04-22 14:11:56.729000 - Exception caught:  No JSON object could be decoded
2020-04-22 14:11:56.763000 - Python process complete...
2020-04-22 14:15:09.791000 - Beginning python process...
2020-04-22 14:15:09.823000 - Accessing list of services...
2020-04-22 14:15:22.406000 - Exception caught:  No JSON object could be decoded
2020-04-22 14:15:22.430000 - Python process complete...
2020-04-22 14:17:34.764000 - Beginning python process...
2020-04-22 14:17:34.769000 - Accessing list of services...
2020-04-22 14:17:49.374000 - Exception caught:  No JSON object could be decoded
2020-04-22 14:17:49.400000 - Python process complete...
2020-04-22 15:15:13.604000 - Beginning python process...
2020-04-22 15:15:13.651000 - Accessing list of services...
2020-04-22 15:15:28.110000 - Exception caught:  No JSON object could be decoded
2020-04-22 15:15:28.164000 - Python process complete...
2020-04-22 15:16:23.341000 - Beginning python process...
2020-04-22 15:16:23.357000 - Accessing list of services...
2020-04-22 15:16:37.269000 - Exception caught:  No JSON object could be decoded
2020-04-22 15:16:37.300000 - Python process complete...
2020-04-22 15:18:27.734000 - Beginning python process...
2020-04-22 15:18:27.741000 - Accessing list of services...
2020-04-22 15:18:39.955000 - Exception caught:  No JSON object could be decoded
2020-04-22 15:18:40.042000 - Python process complete...
2020-04-22 15:25:01.845000 - Beginning python process...
2020-04-22 15:25:01.885000 - Accessing list of services...
2020-04-22 15:25:17.171000 - Exception caught:  No JSON object could be decoded
2020-04-22 15:25:17.193000 - Python process complete...
2020-04-22 15:25:59.696000 - Beginning python process...
2020-04-22 15:25:59.711000 - Accessing list of services...
2020-04-22 15:26:00.274000 - Python process complete...
2020-04-22 15:51:41.654000 - Beginning python process...
2020-04-22 15:51:41.658000 - Accessing list of services...
2020-04-22 15:51:42.191000 - Python process complete...
2020-04-22 15:52:25.913000 - Beginning python process...
2020-04-22 15:52:25.927000 - Accessing list of services...
2020-04-22 15:52:26.501000 - Exception caught:  'str' object has no attribute 'append'
2020-04-22 15:52:26.579000 - Python process complete...
2020-04-22 15:53:25.612000 - Beginning python process...
2020-04-22 15:53:25.639000 - Accessing list of services...
2020-04-22 15:53:26.396000 - Python process complete...
2020-04-22 15:54:11.001000 - Beginning python process...
2020-04-22 15:54:11.022000 - Accessing list of services...
2020-04-22 15:54:11.753000 - Python process complete...
2020-04-22 15:55:25.059000 - Beginning python process...
2020-04-22 15:55:25.075000 - Accessing list of services...
2020-04-22 15:55:25.590000 - Exception caught:  bad operand type for unary +: 'str'
2020-04-22 15:55:25.630000 - Python process complete...
2020-04-22 15:55:54.892000 - Beginning python process...
2020-04-22 15:55:54.899000 - Accessing list of services...
2020-04-22 15:55:55.429000 - Exception caught:  can only concatenate list (not "str") to list
2020-04-22 15:55:55.464000 - Python process complete...
2020-04-22 15:57:33.657000 - Beginning python process...
2020-04-22 15:57:33.672000 - Accessing list of services...
2020-04-22 15:57:34.246000 - Python process complete...
2020-04-22 15:59:34.046000 - Beginning python process...
2020-04-22 15:59:34.090000 - Accessing list of services...
2020-04-22 15:59:34.861000 - Python process complete...
2020-04-22 16:00:09.441000 - Beginning python process...
2020-04-22 16:00:09.476000 - Accessing list of services...
2020-04-22 16:00:24.936000 - Exception caught:  No JSON object could be decoded
2020-04-22 16:00:25.111000 - Python process complete...
2020-04-22 16:02:51.747000 - Beginning python process...
2020-04-22 16:02:51.763000 - Accessing list of services...
2020-04-22 16:03:07.851000 - Exception caught:  No JSON object could be decoded
2020-04-22 16:03:08.103000 - Python process complete...
2020-04-22 16:14:30.939000 - Beginning python process...
2020-04-22 16:14:30.962000 - Accessing list of services...
2020-04-22 16:14:31.429000 - Exception caught:  coercing to Unicode: need string or buffer, int found
2020-04-22 16:14:31.577000 - Python process complete...
2020-04-22 16:20:48.588000 - Beginning python process...
2020-04-22 16:20:48.592000 - Accessing list of services...
2020-04-22 16:20:49.223000 - Exception caught:  object of type 'int' has no len()
2020-04-22 16:20:49.377000 - Python process complete...
2020-04-22 16:21:52.960000 - Beginning python process...
2020-04-22 16:21:52.977000 - Accessing list of services...
2020-04-22 16:22:05.361000 - Exception caught:  No JSON object could be decoded
2020-04-22 16:22:05.639000 - Python process complete...
2020-04-22 16:22:52.815000 - Beginning python process...
2020-04-22 16:22:52.890000 - Accessing list of services...
2020-04-22 16:23:05.431000 - Exception caught:  No JSON object could be decoded
2020-04-22 16:23:05.687000 - Python process complete...
2020-04-22 16:25:20.048000 - Beginning python process...
2020-04-22 16:25:20.062000 - Accessing list of services...
2020-04-22 16:25:20.814000 - Python process complete...
2020-04-22 16:26:55.161000 - Beginning python process...
2020-04-22 16:26:55.205000 - Accessing list of services...
2020-04-22 16:27:10.077000 - Exception caught:  No JSON object could be decoded
2020-04-22 16:27:10.095000 - Python process complete...
2020-04-23 14:01:54.427000 - Beginning python process...
2020-04-23 14:01:54.431000 - Accessing list of services...
2020-04-23 14:02:11.940000 - Exception caught:  No JSON object could be decoded
2020-04-23 14:02:11.960000 - Python process complete...
2020-04-23 14:08:19.493000 - Beginning python process...
2020-04-23 14:08:20.124000 - Accessing list of services...
2020-04-23 14:08:35.395000 - Exception caught:  No JSON object could be decoded
2020-04-23 14:08:35.419000 - Python process complete...
2020-04-23 14:15:26.751000 - Beginning python process...
2020-04-23 14:15:26.761000 - Accessing list of services...
2020-04-23 14:15:42.090000 - lu addresses fetched.....
2020-04-23 14:15:42.112000 - Python process complete...
2020-04-23 14:18:16.877000 - Beginning python process...
2020-04-23 14:18:16.881000 - Accessing list of services...
2020-04-23 14:18:35.112000 - lu addresses fetched.....
2020-04-23 14:18:35.376000 - Python process complete...
2020-04-23 15:14:46.945000 - Beginning python process...
2020-04-23 15:14:47.229000 - Accessing list of services...
2020-04-23 15:15:03.992000 - lu addresses fetched.....
2020-04-23 15:15:04.009000 - Python process complete...
2020-04-23 15:18:47.423000 - Beginning python process...
2020-04-23 15:18:47.792000 - Accessing list of services...
2020-04-23 15:18:48.548000 - Exception caught:  list indices must be integers, not str
2020-04-23 15:18:48.577000 - Python process complete...
2020-04-23 15:20:26.449000 - Beginning python process...
2020-04-23 15:20:26.487000 - Accessing list of services...
2020-04-23 15:20:27.363000 - Exception caught:  list indices must be integers, not str
2020-04-23 15:20:27.449000 - Python process complete...
2020-04-23 15:22:06.058000 - Beginning python process...
2020-04-23 15:22:06.071000 - Accessing list of services...
2020-04-23 15:22:06.985000 - Exception caught:  'list' object has no attribute 'get'
2020-04-23 15:22:07.057000 - Python process complete...
2020-04-23 15:23:14.092000 - Beginning python process...
2020-04-23 15:23:14.124000 - Accessing list of services...
2020-04-23 15:23:28.067000 - Exception caught:  list index out of range
2020-04-23 15:23:28.465000 - Python process complete...
2020-04-23 15:28:50.886000 - Beginning python process...
2020-04-23 15:28:51.316000 - Accessing list of services...
2020-04-23 15:28:52.371000 - Exception caught:  'list' object has no attribute 'replace'
2020-04-23 15:28:52.577000 - Python process complete...
2020-04-23 15:31:42.697000 - Beginning python process...
2020-04-23 15:31:42.766000 - Accessing list of services...
2020-04-23 15:31:44.491000 - Exception caught:  string indices must be integers, not str
2020-04-23 15:31:44.671000 - Python process complete...
2020-04-23 15:35:14.803000 - Beginning python process...
2020-04-23 15:35:14.816000 - Accessing list of services...
2020-04-23 15:35:15.433000 - Exception caught:  string indices must be integers, not str
2020-04-23 15:35:15.938000 - Python process complete...
2020-04-23 15:38:49.867000 - Beginning python process...
2020-04-23 15:38:50.242000 - Accessing list of services...
2020-04-23 15:38:51.706000 - Exception caught:  string indices must be integers, not str
2020-04-23 15:38:52.072000 - Python process complete...
2020-04-23 15:41:12.361000 - Beginning python process...
2020-04-23 15:41:12.693000 - Accessing list of services...
2020-04-23 15:41:30.071000 - Exception caught:  No JSON object could be decoded
2020-04-23 15:41:30.521000 - Python process complete...
2020-04-23 15:51:50.744000 - Beginning python process...
2020-04-23 15:51:50.765000 - Accessing list of services...
2020-04-23 15:52:08.835000 - Exception caught:  No JSON object could be decoded
2020-04-23 15:52:08.864000 - Python process complete...
2020-04-23 15:55:32.600000 - Beginning python process...
2020-04-23 15:55:32.606000 - Accessing list of services...
2020-04-23 15:55:34.066000 - Exception caught:  local variable 'idstr' referenced before assignment
2020-04-23 15:55:34.127000 - Python process complete...
2020-04-23 15:56:36.876000 - Beginning python process...
2020-04-23 15:56:36.880000 - Accessing list of services...
2020-04-23 15:56:52.951000 - Exception caught:  No JSON object could be decoded
2020-04-23 15:56:53.578000 - Python process complete...
2020-04-23 16:04:46.389000 - Beginning python process...
2020-04-23 16:04:46.394000 - Accessing list of services...
2020-04-23 16:05:03.257000 - lu addresses fetched.....
2020-04-23 16:05:03.594000 - Python process complete...
2020-04-23 16:07:20.328000 - Beginning python process...
2020-04-23 16:07:20.351000 - Accessing list of services...
2020-04-23 16:07:36.507000 - Exception caught:  No JSON object could be decoded
2020-04-23 16:07:36.838000 - Python process complete...
2020-04-23 16:08:18.211000 - Beginning python process...
2020-04-23 16:08:18.223000 - Accessing list of services...
2020-04-23 16:08:34.536000 - Exception caught:  No JSON object could be decoded
2020-04-23 16:08:34.624000 - Python process complete...
2020-04-23 16:13:23.361000 - Beginning python process...
2020-04-23 16:13:23.364000 - Accessing list of services...
2020-04-23 16:13:38.078000 - Exception caught:  No JSON object could be decoded
2020-04-23 16:13:38.174000 - Python process complete...
2020-04-23 16:16:52.213000 - Beginning python process...
2020-04-23 16:16:52.618000 - Accessing list of services...
2020-04-23 16:17:11.256000 - lu addresses fetched.....
2020-04-23 16:17:11.270000 - Python process complete...
2020-04-23 16:20:10.596000 - Beginning python process...
2020-04-23 16:20:10.616000 - Accessing list of services...
2020-04-23 16:20:28.963000 - lu addresses fetched.....
2020-04-23 16:20:29.062000 - Python process complete...
2020-04-23 16:21:24.801000 - Beginning python process...
2020-04-23 16:21:24.809000 - Accessing list of services...
2020-04-23 16:21:41.066000 - lu addresses fetched.....
2020-04-23 16:21:41.460000 - Python process complete...
2020-04-23 16:36:39.312000 - Beginning python process...
2020-04-23 16:36:39.317000 - Accessing list of services...
2020-04-23 16:36:54.849000 - lu addresses fetched.....
2020-04-23 16:36:55.150000 - Python process complete...
2020-04-23 16:42:01.807000 - Beginning python process...
2020-04-23 16:42:02.354000 - Accessing list of services...
2020-04-23 16:42:20.711000 - lu addresses fetched.....
2020-04-23 16:42:20.955000 - Python process complete...
2020-04-23 16:43:48.635000 - Beginning python process...
2020-04-23 16:43:48.678000 - Accessing list of services...
2020-04-23 16:44:05.191000 - lu addresses fetched.....
2020-04-23 16:44:05.711000 - Exception caught:  Expecting value: line 1 column 1 (char 0)
2020-04-23 16:44:05.831000 - Python process complete...
2020-04-23 16:47:34.740000 - Beginning python process...
2020-04-23 16:47:34.786000 - Accessing list of services...
2020-04-23 16:47:50.228000 - lu addresses fetched.....
2020-04-23 16:48:06.844000 - Python process complete...
2020-04-23 16:58:35.670000 - Beginning python process...
2020-04-23 16:58:35.959000 - Accessing list of services...
2020-04-23 16:58:52.829000 - lu addresses fetched.....
2020-04-23 16:59:08.685000 - Python process complete...
2020-04-23 17:00:00.731000 - Beginning python process...
2020-04-23 17:00:00.754000 - Accessing list of services...
2020-04-23 17:00:15.641000 - lu addresses fetched.....
2020-04-23 17:00:34.503000 - Python process complete...
2020-04-23 17:06:52.942000 - Beginning python process...
2020-04-23 17:06:53.237000 - Accessing list of services...
2020-04-23 17:07:17.331000 - lu addresses fetched.....
2020-04-23 17:18:07.813000 - Python process complete...
2020-04-23 17:19:18.612000 - Beginning python process...
2020-04-23 17:19:19.207000 - Accessing list of services...
2020-04-23 17:19:34.190000 - lu addresses fetched.....
2020-04-23 17:19:42.581000 - Python process complete...
2020-08-05 16:21:19.746000 - Beginning python process...
2020-08-05 16:21:19.746000 - Accessing list of services...
2020-08-05 16:21:28.199000 - lu addresses fetched.....
2020-08-05 16:21:36.136000 - Python process complete...
2020-08-05 16:27:50.137000 - Beginning python process...
2020-08-05 16:27:50.145000 - Accessing list of services...
2020-08-05 16:27:58.864000 - lu addresses fetched.....
2020-08-05 16:27:59.051000 - Python process complete...
2020-08-05 16:38:43.588000 - Beginning python process...
2020-08-05 16:38:43.588000 - Accessing list of services...
2020-08-05 16:38:52.041000 - lu addresses fetched.....
2020-08-06 17:36:48.598000 - Beginning python process...
2020-08-06 17:36:48.600000 - Accessing list of services...
2020-08-06 17:36:56.584000 - lu addresses fetched.....
2020-08-06 17:37:06.225000 - Exception caught:  'ascii' codec can't encode character u'\xed' in position 3: ordinal not in range(128)
2020-08-06 17:37:06.247000 - Python process complete...
2020-08-06 17:37:44.429000 - Beginning python process...
2020-08-06 17:37:44.431000 - Accessing list of services...
2020-08-06 17:37:52.308000 - lu addresses fetched.....
2020-08-07 17:13:34.291000 - Beginning python process...
2020-08-07 17:13:34.293000 - Accessing list of services...
2020-08-07 17:13:49.192000 - lu addresses fetched.....
2020-08-10 16:42:22.204000 - Beginning python process...
2020-08-10 16:42:22.207000 - Accessing list of services...
2020-08-10 16:42:30.566000 - lu addresses fetched.....
2020-09-22 16:12:26.246000 - Beginning python process...
2020-09-22 16:12:26.261000 - Accessing list of services...
2020-09-22 16:12:34.651000 - lu addresses fetched.....
2020-09-22 16:12:42.617000 - Exception caught:  tuple index out of range
2020-09-22 16:12:42.630000 - Python process complete...
2020-09-22 16:15:11.239000 - Beginning python process...
2020-09-22 16:15:11.248000 - Accessing list of services...
2020-09-22 16:15:20.132000 - lu addresses fetched.....
2020-09-22 16:15:20.296000 - Exception caught:  tuple index out of range
2020-09-22 16:15:20.310000 - Python process complete...
2020-09-22 16:16:18.740000 - Beginning python process...
2020-09-22 16:16:18.752000 - Accessing list of services...
2020-09-22 16:16:28.047000 - lu addresses fetched.....
2020-09-22 16:16:36.178000 - Exception caught:  tuple index out of range
2020-09-22 16:16:36.191000 - Python process complete...
2020-09-22 16:17:12.598000 - Beginning python process...
2020-09-22 16:17:12.607000 - Accessing list of services...
2020-09-22 16:17:21.161000 - lu addresses fetched.....
2020-09-22 16:17:21.287000 - Exception caught:  tuple index out of range
2020-09-22 16:17:21.300000 - Python process complete...
2020-09-22 16:17:51.849000 - Beginning python process...
2020-09-22 16:17:51.858000 - Accessing list of services...
2020-09-22 16:18:00.619000 - lu addresses fetched.....
2020-09-22 16:18:00.764000 - Exception caught:  tuple index out of range
2020-09-22 16:18:00.777000 - Python process complete...
2020-09-22 16:19:10.786000 - Beginning python process...
2020-09-22 16:19:10.796000 - Accessing list of services...
2020-09-22 16:19:19.095000 - lu addresses fetched.....
2020-09-22 16:19:19.248000 - Exception caught:  tuple index out of range
2020-09-22 16:19:19.264000 - Python process complete...
2020-09-22 16:21:11.081000 - Beginning python process...
2020-09-22 16:21:11.090000 - Accessing list of services...
2020-09-22 16:21:19.929000 - lu addresses fetched.....
2020-09-22 16:21:20.341000 - Exception caught:  local variable 'jsonData' referenced before assignment
2020-09-22 16:21:20.361000 - Python process complete...
2020-09-22 16:24:31.201000 - Beginning python process...
2020-09-22 16:24:31.211000 - Accessing list of services...
2020-09-22 16:24:39.795000 - lu addresses fetched.....
2020-09-22 16:24:40.098000 - Exception caught:  local variable 'jsonData' referenced before assignment
2020-09-22 16:24:40.116000 - Python process complete...
2020-09-22 16:25:35.387000 - Beginning python process...
2020-09-22 16:25:35.396000 - Accessing list of services...
2020-09-22 16:25:44.174000 - lu addresses fetched.....
2020-09-22 16:25:44.322000 - Exception caught:  local variable 'jsonData' referenced before assignment
2020-09-22 16:25:44.338000 - Python process complete...
2020-09-22 16:30:18.242000 - Beginning python process...
2020-09-22 16:30:18.254000 - Accessing list of services...
2020-09-22 16:30:27.067000 - lu addresses fetched.....
2020-09-22 16:30:27.210000 - Exception caught:  local variable 'jsonData' referenced before assignment
2020-09-22 16:30:27.229000 - Python process complete...
2020-09-22 16:31:48.026000 - Beginning python process...
2020-09-22 16:31:48.037000 - Accessing list of services...
2020-09-22 16:31:56.703000 - lu addresses fetched.....
2020-09-22 16:31:56.836000 - Exception caught:  2
2020-09-22 16:31:56.913000 - Python process complete...
2020-09-22 16:52:00.567000 - Beginning python process...
2020-09-22 16:52:00.576000 - Accessing list of services...
2020-09-22 16:52:09.177000 - lu addresses fetched.....
2020-09-22 16:58:56.719000 - Beginning python process...
2020-09-22 16:58:56.728000 - Accessing list of services...
2020-09-22 16:59:05.720000 - lu addresses fetched.....
2020-09-22 16:59:13.928000 - Exception caught:  'list' object has no attribute 'keys'
2020-09-22 16:59:13.946000 - Python process complete...
2020-09-22 17:00:32.737000 - Beginning python process...
2020-09-22 17:00:32.750000 - Accessing list of services...
2020-09-22 17:00:41.393000 - lu addresses fetched.....
2020-09-22 17:00:41.583000 - Exception caught:  'list' object has no attribute 'keys'
2020-09-22 17:00:41.596000 - Python process complete...
2020-09-22 17:02:07.781000 - Beginning python process...
2020-09-22 17:02:07.790000 - Accessing list of services...
2020-09-22 17:02:16.264000 - lu addresses fetched.....
2020-09-22 17:02:16.430000 - Exception caught:  'int' object has no attribute 'keys90'
2020-09-22 17:02:16.443000 - Python process complete...
2020-09-22 17:02:36.574000 - Beginning python process...
2020-09-22 17:02:36.583000 - Accessing list of services...
2020-09-22 17:02:45.826000 - lu addresses fetched.....
2020-09-22 17:02:45.968000 - Exception caught:  'int' object has no attribute 'keys'
2020-09-22 17:02:45.983000 - Python process complete...
2020-09-22 17:03:13.189000 - Beginning python process...
2020-09-22 17:03:13.197000 - Accessing list of services...
2020-09-22 17:03:22.411000 - lu addresses fetched.....
2020-09-22 17:03:22.551000 - Exception caught:  'int' object has no attribute 'items'
2020-09-22 17:03:22.564000 - Python process complete...
2020-09-22 17:04:59.170000 - Beginning python process...
2020-09-22 17:04:59.179000 - Accessing list of services...
2020-09-22 17:05:08.033000 - lu addresses fetched.....
2020-09-22 17:08:30.022000 - Beginning python process...
2020-09-22 17:08:30.031000 - Accessing list of services...
2020-09-22 17:08:39.031000 - lu addresses fetched.....
2020-09-22 17:08:39.186000 - Exception caught:  global name 'levelname' is not defined
2020-09-22 17:08:39.201000 - Python process complete...
2020-09-22 17:08:54.815000 - Beginning python process...
2020-09-22 17:08:54.824000 - Accessing list of services...
2020-09-22 17:09:03.879000 - lu addresses fetched.....
2020-09-22 17:10:29.031000 - Beginning python process...
2020-09-22 17:10:29.041000 - Accessing list of services...
2020-09-22 17:10:38.978000 - lu addresses fetched.....
2020-09-22 17:10:39.468000 - Exception caught:  local variable 'jsonData' referenced before assignment
2020-09-22 17:10:39.482000 - Python process complete...
2020-09-22 17:11:34.466000 - Beginning python process...
2020-09-22 17:11:34.474000 - Accessing list of services...
2020-09-22 17:11:43.729000 - lu addresses fetched.....
2020-09-22 17:11:43.942000 - Exception caught:  local variable 'jsonData' referenced before assignment
2020-09-22 17:11:43.956000 - Python process complete...
2020-09-22 17:12:20.778000 - Beginning python process...
2020-09-22 17:12:20.789000 - Accessing list of services...
2020-09-22 17:12:29.887000 - lu addresses fetched.....
2020-09-22 17:12:30.110000 - Exception caught:  local variable 'jsonData' referenced before assignment
2020-09-22 17:12:30.129000 - Python process complete...
2020-09-22 17:12:54.200000 - Beginning python process...
2020-09-22 17:12:54.209000 - Accessing list of services...
2020-09-22 17:13:02.380000 - lu addresses fetched.....
2020-09-22 17:13:02.611000 - Exception caught:  local variable 'jsonData' referenced before assignment
2020-09-22 17:13:02.626000 - Python process complete...
2020-09-22 17:13:54.082000 - Beginning python process...
2020-09-22 17:13:54.091000 - Accessing list of services...
2020-09-22 17:14:03.357000 - lu addresses fetched.....
2020-09-22 17:14:03.529000 - Exception caught:  local variable 'jsonData' referenced before assignment
2020-09-22 17:14:03.543000 - Python process complete...
2020-09-22 17:14:28.610000 - Beginning python process...
2020-09-22 17:14:28.619000 - Accessing list of services...
2020-09-22 17:14:37.142000 - lu addresses fetched.....
2020-09-22 17:14:37.306000 - Exception caught:  local variable 'jsonData' referenced before assignment
2020-09-22 17:14:37.320000 - Python process complete...
2020-09-22 17:15:16.964000 - Beginning python process...
2020-09-22 17:15:16.973000 - Accessing list of services...
2020-09-22 17:15:25.487000 - lu addresses fetched.....
2020-09-22 17:15:25.632000 - Exception caught:  local variable 'jsonData' referenced before assignment
2020-09-22 17:15:25.646000 - Python process complete...
2020-09-22 17:16:24.999000 - Beginning python process...
2020-09-22 17:16:25.010000 - Accessing list of services...
2020-09-22 17:16:33.578000 - lu addresses fetched.....
2020-09-22 17:16:33.712000 - Exception caught:  local variable 'jsonData' referenced before assignment
2020-09-22 17:16:33.726000 - Python process complete...
2020-09-22 17:18:22.767000 - Beginning python process...
2020-09-22 17:18:22.776000 - Accessing list of services...
2020-09-22 17:18:31.382000 - lu addresses fetched.....
2020-09-22 17:18:31.582000 - Exception caught:  local variable 'jsonData' referenced before assignment
2020-09-22 17:18:31.599000 - Python process complete...
2020-09-22 17:19:08.312000 - Beginning python process...
2020-09-22 17:19:08.322000 - Accessing list of services...
2020-09-22 17:19:16.819000 - lu addresses fetched.....
2020-09-23 11:59:19.411000 - Beginning python process...
2020-09-23 11:59:19.420000 - Accessing list of services...
2020-09-23 12:00:09.877000 - lu addresses fetched.....
2020-09-24 09:41:06.351000 - Beginning python process...
2020-09-24 09:41:06.355000 - Accessing list of services...
2020-09-24 09:41:14.591000 - lu addresses fetched.....
2020-09-24 09:57:55.647000 - Python process complete...
2020-09-24 13:38:26.980000 - Beginning python process...
2020-09-24 13:38:26.983000 - Accessing list of services...
2020-09-24 13:38:36.262000 - lu addresses fetched.....
2020-09-24 13:38:46.608000 - Exception caught:  global name 'levelname' is not defined
2020-09-24 13:38:47.317000 - Python process complete...
2020-09-24 13:41:16.911000 - Beginning python process...
2020-09-24 13:41:16.915000 - Accessing list of services...
2020-09-24 13:41:25.522000 - lu addresses fetched.....
2020-09-24 13:45:22.453000 - Beginning python process...
2020-09-24 13:45:22.456000 - Accessing list of services...
2020-09-24 13:45:30.775000 - lu addresses fetched.....
2020-09-24 13:49:55.996000 - Beginning python process...
2020-09-24 13:49:55.999000 - Accessing list of services...
2020-09-24 13:50:04.527000 - lu addresses fetched.....
2020-09-24 13:59:17.873000 - Beginning python process...
2020-09-24 13:59:17.876000 - Accessing list of services...
2020-09-24 13:59:26.351000 - lu addresses fetched.....
2020-09-24 13:59:33.651000 - Exception caught:  0
2020-09-24 13:59:33.659000 - Python process complete...
2020-09-24 14:00:01.218000 - Beginning python process...
2020-09-24 14:00:01.221000 - Accessing list of services...
2020-09-24 14:00:10.414000 - lu addresses fetched.....
2020-09-24 14:01:38.824000 - Beginning python process...
2020-09-24 14:01:38.827000 - Accessing list of services...
2020-09-24 14:01:47.401000 - lu addresses fetched.....
2020-09-24 14:01:47.527000 - Exception caught:  expected string or buffer
2020-09-24 14:01:47.536000 - Python process complete...
2020-09-24 14:03:03.383000 - Beginning python process...
2020-09-24 14:03:03.386000 - Accessing list of services...
2020-09-24 14:03:12.467000 - lu addresses fetched.....
2020-09-24 14:04:17.142000 - Beginning python process...
2020-09-24 14:04:17.145000 - Accessing list of services...
2020-09-24 14:04:25.919000 - lu addresses fetched.....
2020-09-24 14:05:29.983000 - Beginning python process...
2020-09-24 14:05:29.986000 - Accessing list of services...
2020-09-24 14:05:38.501000 - lu addresses fetched.....
2020-09-24 14:06:41.171000 - Beginning python process...
2020-09-24 14:06:41.175000 - Accessing list of services...
2020-09-24 14:06:49.948000 - lu addresses fetched.....
2020-09-24 14:08:09.559000 - Beginning python process...
2020-09-24 14:08:09.562000 - Accessing list of services...
2020-09-24 14:08:18.077000 - lu addresses fetched.....
2020-09-24 14:16:17.740000 - Beginning python process...
2020-09-24 14:16:17.743000 - Accessing list of services...
2020-09-24 14:16:25.955000 - lu addresses fetched.....
2020-09-24 14:16:26.074000 - Exception caught:  'dict' object has no attribute 'read'
2020-09-24 14:16:26.103000 - Python process complete...
2020-09-24 14:16:51.515000 - Beginning python process...
2020-09-24 14:16:51.519000 - Accessing list of services...
2020-09-24 14:16:59.881000 - lu addresses fetched.....
2020-09-24 14:17:00.061000 - Exception caught:  expected string or buffer
2020-09-24 14:17:00.098000 - Python process complete...
2020-09-24 14:30:47.002000 - Beginning python process...
2020-09-24 14:30:47.006000 - Accessing list of services...
2020-09-24 14:30:55.576000 - lu addresses fetched.....
2020-09-24 14:37:43.958000 - Beginning python process...
2020-09-24 14:37:43.961000 - Accessing list of services...
2020-09-24 14:37:53.006000 - lu addresses fetched.....
2020-09-24 14:37:53.168000 - Exception caught:  count() takes exactly one argument (0 given)
2020-09-24 14:37:53.176000 - Python process complete...
2020-09-24 14:38:55.706000 - Beginning python process...
2020-09-24 14:38:55.709000 - Accessing list of services...
2020-09-24 14:39:04.380000 - lu addresses fetched.....
2020-09-24 14:39:11.974000 - Exception caught:  items() takes no arguments (1 given)
2020-09-24 14:39:11.983000 - Python process complete...
2020-09-24 14:39:39.214000 - Beginning python process...
2020-09-24 14:39:39.217000 - Accessing list of services...
2020-09-24 14:39:47.919000 - lu addresses fetched.....
2020-09-24 14:39:48.052000 - Exception caught:  count() takes exactly one argument (0 given)
2020-09-24 14:39:48.062000 - Python process complete...
2020-09-24 14:41:12.973000 - Beginning python process...
2020-09-24 14:41:12.976000 - Accessing list of services...
2020-09-24 14:41:21.523000 - lu addresses fetched.....
2020-09-24 14:41:21.672000 - Exception caught:  count() takes exactly one argument (0 given)
2020-09-24 14:41:21.681000 - Python process complete...
2020-09-24 14:42:03.822000 - Beginning python process...
2020-09-24 14:42:03.826000 - Accessing list of services...
2020-09-24 14:42:12.859000 - lu addresses fetched.....
2020-09-24 14:42:13.005000 - Exception caught:  count() takes exactly one argument (0 given)
2020-09-24 14:42:13.012000 - Python process complete...
2020-09-24 14:59:14.984000 - Beginning python process...
2020-09-24 14:59:14.988000 - Accessing list of services...
2020-09-24 14:59:24.097000 - lu addresses fetched.....
2020-09-24 14:59:24.220000 - Exception caught:  0
2020-09-24 14:59:24.229000 - Python process complete...
2020-09-24 14:59:53.263000 - Beginning python process...
2020-09-24 14:59:53.266000 - Accessing list of services...
2020-09-24 15:00:02.233000 - lu addresses fetched.....
2020-09-24 15:05:43.080000 - Beginning python process...
2020-09-24 15:05:43.084000 - Accessing list of services...
2020-09-24 15:05:51.822000 - lu addresses fetched.....
2020-09-24 15:05:51.943000 - Exception caught:  'dict' object has no attribute 'read'
2020-09-24 15:05:51.984000 - Python process complete...
2020-09-24 15:07:37.419000 - Beginning python process...
2020-09-24 15:07:37.422000 - Accessing list of services...
2020-09-24 15:07:46.260000 - lu addresses fetched.....
2020-09-24 15:09:08.165000 - Beginning python process...
2020-09-24 15:09:08.168000 - Accessing list of services...
2020-09-24 15:09:16.126000 - lu addresses fetched.....
2020-09-24 15:09:54.102000 - Beginning python process...
2020-09-24 15:09:54.105000 - Accessing list of services...
2020-09-24 15:10:02.686000 - lu addresses fetched.....
2020-09-24 15:11:19.634000 - Beginning python process...
2020-09-24 15:11:19.637000 - Accessing list of services...
2020-09-24 15:11:28.449000 - lu addresses fetched.....
2020-09-24 15:12:07.751000 - Beginning python process...
2020-09-24 15:12:07.754000 - Accessing list of services...
2020-09-24 15:12:15.929000 - lu addresses fetched.....
2020-09-24 15:13:31.551000 - Beginning python process...
2020-09-24 15:13:31.554000 - Accessing list of services...
2020-09-24 15:13:43.657000 - lu addresses fetched.....
2020-09-24 15:13:43.777000 - Exception caught:  'list' object has no attribute 'items'
2020-09-24 15:13:43.785000 - Python process complete...
2020-09-24 15:14:45.183000 - Beginning python process...
2020-09-24 15:14:45.186000 - Accessing list of services...
2020-09-24 15:14:53.603000 - lu addresses fetched.....
2020-09-24 15:14:53.725000 - Exception caught:  need more than 1 value to unpack
2020-09-24 15:14:53.733000 - Python process complete...
2020-09-24 15:15:21.511000 - Beginning python process...
2020-09-24 15:15:21.514000 - Accessing list of services...
2020-09-24 15:15:30.095000 - lu addresses fetched.....
2020-09-24 15:15:30.210000 - Exception caught:  'list' object has no attribute 'items'
2020-09-24 15:15:30.219000 - Python process complete...
2020-09-24 15:16:23.957000 - Beginning python process...
2020-09-24 15:16:23.960000 - Accessing list of services...
2020-09-24 15:16:32.605000 - lu addresses fetched.....
2020-09-24 15:16:32.718000 - Exception caught:  'list' object has no attribute 'read'
2020-09-24 15:16:32.728000 - Python process complete...
2020-09-24 15:16:52.052000 - Beginning python process...
2020-09-24 15:16:52.055000 - Accessing list of services...
2020-09-24 15:17:00.456000 - lu addresses fetched.....
2020-09-24 15:17:00.586000 - Exception caught:  'list' object has no attribute 'read'
2020-09-24 15:17:00.595000 - Python process complete...
2020-09-24 15:18:22.610000 - Beginning python process...
2020-09-24 15:18:22.613000 - Accessing list of services...
2020-09-24 15:18:31.252000 - lu addresses fetched.....
2020-09-24 15:18:31.365000 - Exception caught:  list indices must be integers, not str
2020-09-24 15:18:31.375000 - Python process complete...
2020-09-24 15:19:35.039000 - Beginning python process...
2020-09-24 15:19:35.042000 - Accessing list of services...
2020-09-24 15:19:43.837000 - lu addresses fetched.....
2020-09-24 15:19:43.952000 - Exception caught:  list indices must be integers, not str
2020-09-24 15:19:43.996000 - Python process complete...
2020-09-24 15:20:06.701000 - Beginning python process...
2020-09-24 15:20:06.704000 - Accessing list of services...
2020-09-24 15:20:15.417000 - lu addresses fetched.....
2020-09-24 15:20:15.564000 - Exception caught:  list indices must be integers, not str
2020-09-24 15:20:15.570000 - Python process complete...
2020-09-24 15:22:40.670000 - Beginning python process...
2020-09-24 15:22:40.673000 - Accessing list of services...
2020-09-24 15:22:49.085000 - lu addresses fetched.....
2020-09-24 15:22:49.197000 - Exception caught:  list indices must be integers, not str
2020-09-24 15:22:49.207000 - Python process complete...
2020-09-24 15:23:18.186000 - Beginning python process...
2020-09-24 15:23:18.189000 - Accessing list of services...
2020-09-24 15:23:26.588000 - lu addresses fetched.....
2020-09-24 15:23:26.708000 - Exception caught:  list indices must be integers, not str
2020-09-24 15:23:26.717000 - Python process complete...
2020-09-24 15:23:52.059000 - Beginning python process...
2020-09-24 15:23:52.062000 - Accessing list of services...
2020-09-24 15:24:00.235000 - lu addresses fetched.....
2020-09-24 15:24:00.348000 - Exception caught:  'list' object has no attribute 'items'
2020-09-24 15:24:00.358000 - Python process complete...
2020-09-24 15:24:14.115000 - Beginning python process...
2020-09-24 15:24:14.118000 - Accessing list of services...
2020-09-24 15:24:22.231000 - lu addresses fetched.....
2020-09-24 15:24:22.373000 - Exception caught:  'list' object has no attribute 'items'
2020-09-24 15:24:22.396000 - Python process complete...
2020-09-24 15:27:05.293000 - Beginning python process...
2020-09-24 15:27:05.296000 - Accessing list of services...
2020-09-24 15:27:13.556000 - lu addresses fetched.....
2020-09-24 15:27:13.677000 - Exception caught:  'list' object has no attribute 'json'
2020-09-24 15:27:13.687000 - Python process complete...
2020-09-24 15:28:17.918000 - Beginning python process...
2020-09-24 15:28:17.921000 - Accessing list of services...
2020-09-24 15:28:26.496000 - lu addresses fetched.....
2020-09-24 15:28:26.601000 - Exception caught:  'list' object has no attribute 'json'
2020-09-24 15:28:26.622000 - Python process complete...
2020-09-24 15:29:54.588000 - Beginning python process...
2020-09-24 15:29:54.591000 - Accessing list of services...
2020-09-24 15:30:03.381000 - lu addresses fetched.....
2020-09-24 15:30:03.490000 - Exception caught:  list indices must be integers, not str
2020-09-24 15:30:03.499000 - Python process complete...
2020-09-24 15:30:24.879000 - Beginning python process...
2020-09-24 15:30:24.883000 - Accessing list of services...
2020-09-24 15:30:33.088000 - lu addresses fetched.....
2020-09-24 15:30:33.289000 - Exception caught:  list indices must be integers, not str
2020-09-24 15:30:33.296000 - Python process complete...
2020-09-24 15:31:55.616000 - Beginning python process...
2020-09-24 15:31:55.619000 - Accessing list of services...
2020-09-24 15:32:04.224000 - lu addresses fetched.....
2020-09-24 15:32:04.435000 - Exception caught:  list indices must be integers, not str
2020-09-24 15:32:04.489000 - Python process complete...
2020-09-24 15:34:19.323000 - Beginning python process...
2020-09-24 15:34:19.326000 - Accessing list of services...
2020-09-24 15:34:28.150000 - lu addresses fetched.....
2020-09-24 15:36:18.038000 - Beginning python process...
2020-09-24 15:36:18.041000 - Accessing list of services...
2020-09-24 15:36:26.487000 - lu addresses fetched.....
2020-09-24 15:40:03.525000 - Beginning python process...
2020-09-24 15:40:03.528000 - Accessing list of services...
2020-09-24 15:40:11.962000 - lu addresses fetched.....
2020-09-24 15:40:12.093000 - Exception caught:  'list' object has no attribute 'update'
2020-09-24 15:40:12.141000 - Python process complete...
2020-09-24 15:40:47.720000 - Beginning python process...
2020-09-24 15:40:47.723000 - Accessing list of services...
2020-09-24 15:40:56.284000 - lu addresses fetched.....
2020-09-24 15:55:36.762000 - Exception caught:  list indices must be integers, not str
2020-09-24 15:55:38.247000 - Python process complete...
2020-09-24 16:00:16.998000 - Beginning python process...
2020-09-24 16:00:17.001000 - Accessing list of services...
2020-09-24 16:00:25.774000 - lu addresses fetched.....
2020-09-24 16:00:25.939000 - Exception caught:  'dict' object has no attribute 'append'
2020-09-24 16:00:28.879000 - Python process complete...
2020-09-24 16:01:28.819000 - Beginning python process...
2020-09-24 16:01:28.822000 - Accessing list of services...
2020-09-24 16:01:37.925000 - lu addresses fetched.....
2020-09-24 16:15:41.288000 - Python process complete...
2020-09-25 11:01:52.815000 - Beginning python process...
2020-09-25 11:01:52.819000 - Accessing list of services...
2020-09-25 11:02:26.922000 - lu addresses fetched.....
2020-09-25 11:02:35.616000 - Exception caught:  'dict' object has no attribute 'append'
2020-09-25 11:02:35.623000 - Python process complete...
2020-09-25 11:04:26.376000 - Beginning python process...
2020-09-25 11:04:26.379000 - Accessing list of services...
2020-09-25 11:04:35.030000 - lu addresses fetched.....
2020-09-25 11:04:35.172000 - Exception caught:  'dict' object has no attribute 'append'
2020-09-25 11:04:35.179000 - Python process complete...
2020-09-25 11:05:14.341000 - Beginning python process...
2020-09-25 11:05:14.344000 - Accessing list of services...
2020-09-25 11:05:22.643000 - lu addresses fetched.....
2020-09-25 11:05:22.974000 - Exception caught:  'dict' object has no attribute 'append'
2020-09-25 11:05:22.981000 - Python process complete...
2020-09-25 11:09:55.090000 - Beginning python process...
2020-09-25 11:09:55.093000 - Accessing list of services...
2020-09-25 11:10:04.304000 - lu addresses fetched.....
2020-09-25 11:10:04.432000 - Exception caught:  'dict' object has no attribute 'append'
2020-09-25 11:10:04.474000 - Python process complete...
2020-09-25 11:12:07.127000 - Beginning python process...
2020-09-25 11:12:07.130000 - Accessing list of services...
2020-09-25 11:12:15.075000 - lu addresses fetched.....
2020-09-25 11:12:15.220000 - Exception caught:  'dict' object has no attribute 'append'
2020-09-25 11:12:15.228000 - Python process complete...
2020-09-25 11:20:23.459000 - Beginning python process...
2020-09-25 11:20:23.471000 - Accessing list of services...
2020-09-25 11:20:32.333000 - lu addresses fetched.....
2020-09-25 11:20:32.451000 - Exception caught:  unsupported operand type(s) for +: 'dict' and 'list'
2020-09-25 11:20:32.475000 - Python process complete...
2020-09-25 11:21:15.327000 - Beginning python process...
2020-09-25 11:21:15.331000 - Accessing list of services...
2020-09-25 11:21:23.916000 - lu addresses fetched.....
2020-09-25 11:21:24.037000 - Exception caught:  unsupported operand type(s) for +: 'dict' and 'list'
2020-09-25 11:21:24.047000 - Python process complete...
2020-09-25 11:24:51.329000 - Beginning python process...
2020-09-25 11:24:51.332000 - Accessing list of services...
2020-09-25 11:24:59.884000 - lu addresses fetched.....
2020-09-25 11:25:00.012000 - Exception caught:  dictionary update sequence element #0 has length 1; 2 is required
2020-09-25 11:25:00.018000 - Python process complete...
2020-09-25 11:29:48.094000 - Beginning python process...
2020-09-25 11:29:48.098000 - Accessing list of services...
2020-09-25 11:29:56.560000 - lu addresses fetched.....
2020-09-25 11:30:07.004000 - Exception caught:  list indices must be integers, not str
2020-09-25 11:30:07.012000 - Python process complete...
2020-09-25 11:31:27.428000 - Beginning python process...
2020-09-25 11:31:27.431000 - Accessing list of services...
2020-09-25 11:31:35.838000 - lu addresses fetched.....
2020-09-25 11:31:36.016000 - Exception caught:  list indices must be integers, not str
2020-09-25 11:31:36.025000 - Python process complete...
2020-09-25 11:38:19.066000 - Beginning python process...
2020-09-25 11:38:19.069000 - Accessing list of services...
2020-09-25 11:38:27.607000 - lu addresses fetched.....
2020-09-25 11:40:13.114000 - Beginning python process...
2020-09-25 11:40:13.117000 - Accessing list of services...
2020-09-25 11:40:21.510000 - lu addresses fetched.....
2020-09-25 11:44:57.099000 - Beginning python process...
2020-09-25 11:44:57.102000 - Accessing list of services...
2020-09-25 11:45:05.731000 - lu addresses fetched.....
2020-09-25 11:46:25.047000 - Beginning python process...
2020-09-25 11:46:25.051000 - Accessing list of services...
2020-09-25 11:46:34.692000 - lu addresses fetched.....
2020-09-25 11:52:10.140000 - Beginning python process...
2020-09-25 11:52:10.143000 - Accessing list of services...
2020-09-25 11:52:18.260000 - lu addresses fetched.....
2020-09-25 11:53:37.077000 - Beginning python process...
2020-09-25 11:53:37.080000 - Accessing list of services...
2020-09-25 11:53:45.715000 - lu addresses fetched.....
2020-09-25 11:53:45.826000 - Exception caught:  list indices must be integers, not str
2020-09-25 11:53:45.866000 - Python process complete...
2020-09-25 11:54:10.348000 - Beginning python process...
2020-09-25 11:54:10.352000 - Accessing list of services...
2020-09-25 11:54:18.715000 - lu addresses fetched.....
2020-09-25 11:54:18.835000 - Exception caught:  'attributes'
2020-09-25 11:54:18.899000 - Python process complete...
2020-09-25 12:00:51.282000 - Beginning python process...
2020-09-25 12:00:51.286000 - Accessing list of services...
2020-09-25 12:00:59.888000 - lu addresses fetched.....
2020-09-25 12:01:00.064000 - Exception caught:  'list' object has no attribute 'items'
2020-09-25 12:01:00.085000 - Python process complete...
2020-09-25 12:01:22.907000 - Beginning python process...
2020-09-25 12:01:22.910000 - Accessing list of services...
2020-09-25 12:01:31.595000 - lu addresses fetched.....
2020-09-25 12:01:31.720000 - Exception caught:  'list' object has no attribute 'read'
2020-09-25 12:01:31.765000 - Python process complete...
2020-09-25 12:03:56.023000 - Beginning python process...
2020-09-25 12:03:56.027000 - Accessing list of services...
2020-09-25 12:04:04.525000 - lu addresses fetched.....
2020-09-25 12:05:49.986000 - Beginning python process...
2020-09-25 12:05:49.991000 - Accessing list of services...
2020-09-25 12:05:58.845000 - lu addresses fetched.....
2020-09-25 12:07:48.229000 - Beginning python process...
2020-09-25 12:07:48.232000 - Accessing list of services...
2020-09-25 12:07:56.698000 - lu addresses fetched.....
2020-09-25 12:08:46.747000 - Beginning python process...
2020-09-25 12:08:46.751000 - Accessing list of services...
2020-09-25 12:08:57.199000 - lu addresses fetched.....
2020-09-25 12:08:57.318000 - Exception caught:  0
2020-09-25 12:08:57.339000 - Python process complete...
2020-09-25 12:10:23.553000 - Beginning python process...
2020-09-25 12:10:23.556000 - Accessing list of services...
2020-09-25 12:10:32.144000 - lu addresses fetched.....
2020-09-25 12:10:32.252000 - Exception caught:  cannot concatenate 'str' and 'dict' objects
2020-09-25 12:10:32.261000 - Python process complete...
2020-09-25 12:10:59.798000 - Beginning python process...
2020-09-25 12:10:59.801000 - Accessing list of services...
2020-09-25 12:11:08.410000 - lu addresses fetched.....
2020-09-25 12:12:39.848000 - Beginning python process...
2020-09-25 12:12:39.851000 - Accessing list of services...
2020-09-25 12:12:48.073000 - lu addresses fetched.....
2020-09-25 12:12:48.191000 - Exception caught:  'str' object has no attribute 'items'
2020-09-25 12:12:48.201000 - Python process complete...
2020-09-25 12:13:20.775000 - Beginning python process...
2020-09-25 12:13:20.778000 - Accessing list of services...
2020-09-25 12:13:29.169000 - lu addresses fetched.....
2020-09-25 12:13:29.281000 - Exception caught:  'str' object has no attribute 'items'
2020-09-25 12:13:29.336000 - Python process complete...
2020-09-25 12:14:00.180000 - Beginning python process...
2020-09-25 12:14:00.183000 - Accessing list of services...
2020-09-25 12:14:08.568000 - lu addresses fetched.....
2020-09-25 12:14:08.694000 - Exception caught:  'list' object has no attribute 'items'
2020-09-25 12:14:08.763000 - Python process complete...
2020-09-25 12:15:26.854000 - Beginning python process...
2020-09-25 12:15:26.857000 - Accessing list of services...
2020-09-25 12:15:35.239000 - lu addresses fetched.....
2020-09-25 12:15:35.357000 - Exception caught:  'list' object has no attribute 'items'
2020-09-25 12:15:35.404000 - Python process complete...
2020-09-25 12:15:55.521000 - Beginning python process...
2020-09-25 12:15:55.525000 - Accessing list of services...
2020-09-25 12:16:04.124000 - lu addresses fetched.....
2020-09-25 12:16:04.237000 - Exception caught:  cannot concatenate 'str' and 'dict' objects
2020-09-25 12:16:04.246000 - Python process complete...
2020-09-25 12:17:30.064000 - Beginning python process...
2020-09-25 12:17:30.068000 - Accessing list of services...
2020-09-25 12:17:39.433000 - lu addresses fetched.....
2020-09-25 12:17:39.553000 - Exception caught:  'dict' object has no attribute 'split'
2020-09-25 12:17:39.572000 - Python process complete...
2020-09-25 13:30:08.251000 - Beginning python process...
2020-09-25 13:30:08.255000 - Accessing list of services...
2020-09-25 13:30:16.780000 - lu addresses fetched.....
2020-09-25 13:30:23.965000 - Exception caught:  'list' object has no attribute 'items'
2020-09-25 13:30:24.038000 - Python process complete...
2020-09-25 13:31:56.204000 - Beginning python process...
2020-09-25 13:31:56.208000 - Accessing list of services...
2020-09-25 13:32:04.628000 - lu addresses fetched.....
2020-09-25 13:32:12.946000 - Exception caught:  'list' object has no attribute 'items'
2020-09-25 13:32:12.982000 - Python process complete...
2020-09-25 13:33:21.354000 - Beginning python process...
2020-09-25 13:33:21.358000 - Accessing list of services...
2020-09-25 13:33:29.745000 - lu addresses fetched.....
2020-09-25 13:33:29.884000 - Exception caught:  global name 'test' is not defined
2020-09-25 13:33:29.891000 - Python process complete...
2020-09-25 13:34:14.077000 - Beginning python process...
2020-09-25 13:34:14.080000 - Accessing list of services...
2020-09-25 13:34:22.415000 - lu addresses fetched.....
2020-09-25 13:34:22.546000 - Exception caught:  global name 'test' is not defined
2020-09-25 13:34:22.555000 - Python process complete...
2020-09-25 13:34:46.247000 - Beginning python process...
2020-09-25 13:34:46.250000 - Accessing list of services...
2020-09-25 13:34:54.858000 - lu addresses fetched.....
2020-09-25 13:34:54.982000 - Exception caught:  'unicode' object has no attribute 'values'
2020-09-25 13:34:55.055000 - Python process complete...
2020-09-25 13:35:14.377000 - Beginning python process...
2020-09-25 13:35:14.381000 - Accessing list of services...
2020-09-25 13:35:22.649000 - lu addresses fetched.....
2020-09-25 13:35:22.788000 - Exception caught:  global name 'test' is not defined
2020-09-25 13:35:22.794000 - Python process complete...
2020-09-25 13:36:04.073000 - Beginning python process...
2020-09-25 13:36:04.077000 - Accessing list of services...
2020-09-25 13:36:12.615000 - lu addresses fetched.....
2020-09-25 13:36:12.740000 - Exception caught:  global name 'test' is not defined
2020-09-25 13:36:12.746000 - Python process complete...
2020-09-25 13:36:58.618000 - Beginning python process...
2020-09-25 13:36:58.622000 - Accessing list of services...
2020-09-25 13:37:07.088000 - lu addresses fetched.....
2020-09-25 13:37:07.218000 - Exception caught:  global name 'test' is not defined
2020-09-25 13:37:07.226000 - Python process complete...
2020-09-25 13:38:06.835000 - Beginning python process...
2020-09-25 13:38:06.838000 - Accessing list of services...
2020-09-25 13:38:15.116000 - lu addresses fetched.....
2020-09-25 13:38:15.255000 - Exception caught:  global name 'test' is not defined
2020-09-25 13:38:15.263000 - Python process complete...
2020-09-25 13:39:01.415000 - Beginning python process...
2020-09-25 13:39:01.419000 - Accessing list of services...
2020-09-25 13:39:09.909000 - lu addresses fetched.....
2020-09-25 13:39:10.073000 - Exception caught:  global name 'test' is not defined
2020-09-25 13:39:10.083000 - Python process complete...
2020-09-25 13:40:20.066000 - Beginning python process...
2020-09-25 13:40:20.070000 - Accessing list of services...
2020-09-25 13:40:28.450000 - lu addresses fetched.....
2020-09-25 13:40:28.589000 - Exception caught:  'list' object has no attribute 'items'
2020-09-25 13:40:28.597000 - Python process complete...
2020-09-25 13:41:00.947000 - Beginning python process...
2020-09-25 13:41:00.952000 - Accessing list of services...
2020-09-25 13:41:09.464000 - lu addresses fetched.....
2020-09-25 13:41:09.579000 - Exception caught:  'list' object has no attribute 'items'
2020-09-25 13:41:09.616000 - Python process complete...
2020-09-25 13:42:13.085000 - Beginning python process...
2020-09-25 13:42:13.089000 - Accessing list of services...
2020-09-25 13:42:21.509000 - lu addresses fetched.....
2020-09-25 13:42:21.672000 - Exception caught:  global name 'test' is not defined
2020-09-25 13:42:21.681000 - Python process complete...
2020-09-25 13:43:43.924000 - Beginning python process...
2020-09-25 13:43:43.928000 - Accessing list of services...
2020-09-25 13:43:52.527000 - lu addresses fetched.....
2020-09-25 13:43:52.643000 - Exception caught:  'str' object has no attribute 'read'
2020-09-25 13:43:52.715000 - Python process complete...
2020-09-25 13:44:25.729000 - Beginning python process...
2020-09-25 13:44:25.732000 - Accessing list of services...
2020-09-25 13:44:34.163000 - lu addresses fetched.....
2020-09-25 13:44:34.280000 - Exception caught:  Expecting property name: line 1 column 2 (char 1)
2020-09-25 13:44:34.306000 - Python process complete...
2020-09-25 13:45:32.245000 - Beginning python process...
2020-09-25 13:45:32.249000 - Accessing list of services...
2020-09-25 13:45:40.693000 - lu addresses fetched.....
2020-09-25 13:45:40.818000 - Exception caught:  global name 'loads' is not defined
2020-09-25 13:45:40.879000 - Python process complete...
2020-09-25 13:46:06.724000 - Beginning python process...
2020-09-25 13:46:06.727000 - Accessing list of services...
2020-09-25 13:46:14.837000 - lu addresses fetched.....
2020-09-25 13:48:16.966000 - Beginning python process...
2020-09-25 13:48:16.969000 - Accessing list of services...
2020-09-25 13:48:25.239000 - lu addresses fetched.....
2020-09-25 13:48:25.356000 - Exception caught:  'unicode' object has no attribute 'items'
2020-09-25 13:48:25.366000 - Python process complete...
2020-09-25 13:49:30.502000 - Beginning python process...
2020-09-25 13:49:30.506000 - Accessing list of services...
2020-09-25 13:49:38.774000 - lu addresses fetched.....
2020-09-25 13:49:38.903000 - Exception caught:  string index out of range
2020-09-25 13:49:38.913000 - Python process complete...
2020-09-25 13:50:03.125000 - Beginning python process...
2020-09-25 13:50:03.129000 - Accessing list of services...
2020-09-25 13:50:11.403000 - lu addresses fetched.....
2020-09-25 13:50:56.694000 - Beginning python process...
2020-09-25 13:50:56.697000 - Accessing list of services...
2020-09-25 13:51:05.117000 - lu addresses fetched.....
2020-09-25 13:51:42.031000 - Beginning python process...
2020-09-25 13:51:42.035000 - Accessing list of services...
2020-09-25 13:51:50.589000 - lu addresses fetched.....
2020-09-25 13:51:50.725000 - Exception caught:  'list' object has no attribute 'items'
2020-09-25 13:51:50.800000 - Python process complete...
2020-09-25 13:53:15.994000 - Beginning python process...
2020-09-25 13:53:15.998000 - Accessing list of services...
2020-09-25 13:53:24.791000 - lu addresses fetched.....
2020-09-25 13:53:24.897000 - Exception caught:  string indices must be integers
2020-09-25 13:53:24.907000 - Python process complete...
2020-09-25 13:53:42.618000 - Beginning python process...
2020-09-25 13:53:42.621000 - Accessing list of services...
2020-09-25 13:53:51.255000 - lu addresses fetched.....
2020-09-25 13:53:51.395000 - Exception caught:  'list' object has no attribute 'items'
2020-09-25 13:53:51.406000 - Python process complete...
2020-09-25 13:54:17.087000 - Beginning python process...
2020-09-25 13:54:17.090000 - Accessing list of services...
2020-09-25 13:54:25.633000 - lu addresses fetched.....
2020-09-25 13:54:25.819000 - Exception caught:  'list' object has no attribute 'items'
2020-09-25 13:54:25.826000 - Python process complete...
2020-09-25 13:56:10.127000 - Beginning python process...
2020-09-25 13:56:10.130000 - Accessing list of services...
2020-09-25 13:56:18.862000 - lu addresses fetched.....
2020-09-25 13:56:19.025000 - Exception caught:  'list' object has no attribute 'items'
2020-09-25 13:56:19.034000 - Python process complete...
2020-09-25 13:56:50.840000 - Beginning python process...
2020-09-25 13:56:50.844000 - Accessing list of services...
2020-09-25 13:56:59.458000 - lu addresses fetched.....
2020-09-25 14:01:00.449000 - Beginning python process...
2020-09-25 14:01:00.453000 - Accessing list of services...
2020-09-25 14:01:09.241000 - lu addresses fetched.....
2020-09-25 14:02:03.346000 - Exception caught:  'adminUnitLevelTitle'
2020-09-25 14:02:03.393000 - Python process complete...
2020-09-25 14:06:08.191000 - Beginning python process...
2020-09-25 14:06:08.195000 - Accessing list of services...
2020-09-25 14:06:16.905000 - lu addresses fetched.....
2020-09-25 14:15:15.517000 - Beginning python process...
2020-09-25 14:15:15.521000 - Accessing list of services...
2020-09-25 14:15:24.196000 - lu addresses fetched.....
2020-09-25 14:16:19.649000 - Beginning python process...
2020-09-25 14:16:19.652000 - Accessing list of services...
2020-09-25 14:16:28.062000 - lu addresses fetched.....
2020-09-25 14:18:43.517000 - Beginning python process...
2020-09-25 14:18:43.521000 - Accessing list of services...
2020-09-25 14:18:53.244000 - lu addresses fetched.....
2020-09-25 14:22:03.132000 - Beginning python process...
2020-09-25 14:22:03.135000 - Accessing list of services...
2020-09-25 14:22:11.938000 - lu addresses fetched.....
2020-09-25 14:25:47.935000 - Beginning python process...
2020-09-25 14:25:47.938000 - Accessing list of services...
2020-09-25 14:25:56.278000 - lu addresses fetched.....
2020-09-25 14:25:56.404000 - Exception caught:  eval() arg 1 must be a string or code object
2020-09-25 14:25:56.418000 - Python process complete...
2020-09-25 14:26:29.855000 - Beginning python process...
2020-09-25 14:26:29.858000 - Accessing list of services...
2020-09-25 14:26:38.258000 - lu addresses fetched.....
2020-09-25 14:26:38.383000 - Exception caught:  eval() arg 1 must be a string or code object
2020-09-25 14:26:38.427000 - Python process complete...
2020-09-25 14:27:22.622000 - Beginning python process...
2020-09-25 14:27:22.627000 - Accessing list of services...
2020-09-25 14:27:31.370000 - lu addresses fetched.....
2020-09-25 14:27:31.499000 - Exception caught:  eval() arg 1 must be a string or code object
2020-09-25 14:27:31.508000 - Python process complete...
2020-09-25 14:28:34.961000 - Beginning python process...
2020-09-25 14:28:34.965000 - Accessing list of services...
2020-09-25 14:28:43.486000 - lu addresses fetched.....
2020-09-25 14:32:46.137000 - Beginning python process...
2020-09-25 14:32:46.142000 - Accessing list of services...
2020-09-25 14:32:54.628000 - lu addresses fetched.....
2020-09-25 14:36:52.036000 - Beginning python process...
2020-09-25 14:36:52.039000 - Accessing list of services...
2020-09-25 14:37:01.908000 - lu addresses fetched.....
2020-09-25 14:40:01.726000 - Beginning python process...
2020-09-25 14:40:01.729000 - Accessing list of services...
2020-09-25 14:40:10.076000 - lu addresses fetched.....
2020-09-25 14:40:10.235000 - Exception caught:  count() takes exactly one argument (0 given)
2020-09-25 14:40:10.245000 - Python process complete...
2020-09-25 14:40:32.186000 - Beginning python process...
2020-09-25 14:40:32.189000 - Accessing list of services...
2020-09-25 14:40:40.572000 - lu addresses fetched.....
2020-09-25 14:41:42.768000 - Beginning python process...
2020-09-25 14:41:42.772000 - Accessing list of services...
2020-09-25 14:41:51.138000 - lu addresses fetched.....
2020-09-25 14:43:13.919000 - Beginning python process...
2020-09-25 14:43:13.923000 - Accessing list of services...
2020-09-25 14:43:22.188000 - lu addresses fetched.....
2020-09-25 14:45:35.655000 - Beginning python process...
2020-09-25 14:45:35.658000 - Accessing list of services...
2020-09-25 14:45:44.510000 - lu addresses fetched.....
2020-09-25 14:47:56.738000 - Beginning python process...
2020-09-25 14:47:56.741000 - Accessing list of services...
2020-09-25 14:48:05.088000 - lu addresses fetched.....
2020-09-25 14:48:05.231000 - Exception caught:  'dict' object has no attribute 'append'
2020-09-25 14:48:05.239000 - Python process complete...
2020-09-25 14:49:15.689000 - Beginning python process...
2020-09-25 14:49:15.693000 - Accessing list of services...
2020-09-25 14:49:23.968000 - lu addresses fetched.....
2020-09-25 15:01:06.635000 - Python process complete...
2020-09-25 15:31:59.079000 - Beginning python process...
2020-09-25 15:31:59.082000 - Accessing list of services...
2020-09-25 15:32:07.706000 - lu addresses fetched.....
2020-09-25 15:32:15.620000 - Exception caught:  list index out of range
2020-09-25 15:32:15.630000 - Python process complete...
2020-09-25 15:32:42.383000 - Beginning python process...
2020-09-25 15:32:42.386000 - Accessing list of services...
2020-09-25 15:32:50.631000 - lu addresses fetched.....
2020-09-25 15:34:34.163000 - Beginning python process...
2020-09-25 15:34:34.167000 - Accessing list of services...
2020-09-25 15:34:42.351000 - lu addresses fetched.....
2020-09-25 15:35:49.703000 - Beginning python process...
2020-09-25 15:35:49.707000 - Accessing list of services...
2020-09-25 15:35:57.926000 - lu addresses fetched.....
2020-09-25 15:39:26.631000 - Beginning python process...
2020-09-25 15:39:26.634000 - Accessing list of services...
2020-09-25 15:39:34.797000 - lu addresses fetched.....
2020-09-25 15:39:34.964000 - Exception caught:  'dict' object has no attribute 'append'
2020-09-25 15:39:34.976000 - Python process complete...
2020-09-25 15:41:25.662000 - Beginning python process...
2020-09-25 15:41:25.665000 - Accessing list of services...
2020-09-25 15:41:33.789000 - lu addresses fetched.....
2020-09-25 15:41:33.967000 - Exception caught:  'dict' object has no attribute 'append'
2020-09-25 15:41:33.977000 - Python process complete...
2020-09-25 15:41:59.930000 - Beginning python process...
2020-09-25 15:41:59.933000 - Accessing list of services...
2020-09-25 15:42:08.299000 - lu addresses fetched.....
2020-09-25 15:45:58.071000 - Beginning python process...
2020-09-25 15:45:58.075000 - Accessing list of services...
2020-09-25 15:46:06.928000 - lu addresses fetched.....
2020-09-25 15:46:07.160000 - Exception caught:  'dict' object has no attribute 'append'
2020-09-25 15:46:07.171000 - Python process complete...
2020-09-25 15:47:20.989000 - Beginning python process...
2020-09-25 15:47:20.993000 - Accessing list of services...
2020-09-25 15:47:29.618000 - lu addresses fetched.....
2020-09-25 15:47:29.804000 - Exception caught:  'dict' object has no attribute 'append'
2020-09-25 15:47:29.811000 - Python process complete...
2020-09-25 15:51:30.147000 - Beginning python process...
2020-09-25 15:51:30.151000 - Accessing list of services...
2020-09-25 15:51:38.580000 - lu addresses fetched.....
2020-09-25 15:53:50.277000 - Beginning python process...
2020-09-25 15:53:50.280000 - Accessing list of services...
2020-09-25 15:53:59.196000 - lu addresses fetched.....
2020-09-25 15:53:59.333000 - Exception caught:  'dict' object has no attribute 'append'
2020-09-25 15:53:59.347000 - Python process complete...
2020-09-25 15:58:57.935000 - Beginning python process...
2020-09-25 15:58:57.939000 - Accessing list of services...
2020-09-25 15:59:06.615000 - lu addresses fetched.....
2020-09-25 15:59:06.725000 - Exception caught:  global name 'is_empty' is not defined
2020-09-25 15:59:06.758000 - Python process complete...
2020-09-25 16:02:00.273000 - Beginning python process...
2020-09-25 16:02:00.277000 - Accessing list of services...
2020-09-25 16:02:08.669000 - lu addresses fetched.....
2020-09-25 16:03:29.448000 - Beginning python process...
2020-09-25 16:03:29.452000 - Accessing list of services...
2020-09-25 16:03:37.654000 - lu addresses fetched.....
2020-09-25 16:05:08.999000 - Beginning python process...
2020-09-25 16:05:09.003000 - Accessing list of services...
2020-09-25 16:05:17.501000 - lu addresses fetched.....
2020-09-25 16:07:40.001000 - Beginning python process...
2020-09-25 16:07:40.005000 - Accessing list of services...
2020-09-25 16:07:48.482000 - lu addresses fetched.....
2020-09-25 16:09:47.812000 - Beginning python process...
2020-09-25 16:09:47.815000 - Accessing list of services...
2020-09-25 16:09:56.111000 - lu addresses fetched.....
2020-09-25 16:09:56.226000 - Exception caught:  'dict' object has no attribute 'append'
2020-09-25 16:09:56.236000 - Python process complete...
2020-09-25 16:11:32.401000 - Beginning python process...
2020-09-25 16:11:32.405000 - Accessing list of services...
2020-09-25 16:11:41.416000 - lu addresses fetched.....
2020-09-25 16:11:41.539000 - Exception caught:  'dict' object has no attribute 'append'
2020-09-25 16:11:41.548000 - Python process complete...
2020-09-25 16:13:24.051000 - Beginning python process...
2020-09-25 16:13:24.054000 - Accessing list of services...
2020-09-25 16:13:32.675000 - lu addresses fetched.....
2020-09-25 16:13:32.794000 - Exception caught:  unhashable type: 'list'
2020-09-25 16:13:32.804000 - Python process complete...
2020-09-25 16:14:32.193000 - Beginning python process...
2020-09-25 16:14:32.196000 - Accessing list of services...
2020-09-25 16:14:40.498000 - lu addresses fetched.....
2020-09-25 16:14:40.600000 - Exception caught:  unhashable type: 'list'
2020-09-25 16:14:40.609000 - Python process complete...
2020-09-25 16:16:29.936000 - Beginning python process...
2020-09-25 16:16:29.939000 - Accessing list of services...
2020-09-25 16:16:38.544000 - lu addresses fetched.....
2020-09-25 16:16:38.667000 - Exception caught:  unhashable type: 'list'
2020-09-25 16:16:38.729000 - Python process complete...
2020-09-25 16:17:48.954000 - Beginning python process...
2020-09-25 16:17:48.958000 - Accessing list of services...
2020-09-25 16:17:57.137000 - lu addresses fetched.....
2020-09-25 16:17:57.241000 - Exception caught:  'dict' object has no attribute 'append'
2020-09-25 16:17:57.282000 - Python process complete...
2020-09-25 16:19:15.280000 - Beginning python process...
2020-09-25 16:19:15.283000 - Accessing list of services...
2020-09-25 16:19:23.663000 - lu addresses fetched.....
2020-09-25 16:20:56.704000 - Beginning python process...
2020-09-25 16:20:56.707000 - Accessing list of services...
2020-09-25 16:21:04.964000 - lu addresses fetched.....
2020-09-25 16:22:26.264000 - Beginning python process...
2020-09-25 16:22:26.267000 - Accessing list of services...
2020-09-25 16:22:34.407000 - lu addresses fetched.....
2020-09-25 16:22:34.515000 - Exception caught:  'dict' object has no attribute 'append'
2020-09-25 16:22:34.563000 - Python process complete...
2020-09-25 16:22:54.074000 - Beginning python process...
2020-09-25 16:22:54.077000 - Accessing list of services...
2020-09-25 16:23:02.124000 - lu addresses fetched.....
2020-09-25 16:23:02.366000 - Exception caught:  'dict' object has no attribute 'append'
2020-09-25 16:23:02.373000 - Python process complete...
2020-09-25 16:24:03.943000 - Beginning python process...
2020-09-25 16:24:03.947000 - Accessing list of services...
2020-09-25 16:24:12.197000 - lu addresses fetched.....
2020-09-25 16:24:12.303000 - Exception caught:  'dict' object has no attribute 'append'
2020-09-25 16:24:12.318000 - Python process complete...
2020-09-25 16:25:34.018000 - Beginning python process...
2020-09-25 16:25:34.022000 - Accessing list of services...
2020-09-25 16:25:42.438000 - lu addresses fetched.....
2020-09-25 16:32:17.361000 - Beginning python process...
2020-09-25 16:32:17.364000 - Accessing list of services...
2020-09-25 16:32:26.142000 - lu addresses fetched.....
2020-09-25 16:33:38.723000 - Beginning python process...
2020-09-25 16:33:38.726000 - Accessing list of services...
2020-09-25 16:33:47.621000 - lu addresses fetched.....
2020-09-25 16:33:47.730000 - Exception caught:  list indices must be integers, not str
2020-09-25 16:33:47.779000 - Python process complete...
2020-09-25 16:34:40.547000 - Beginning python process...
2020-09-25 16:34:40.550000 - Accessing list of services...
2020-09-25 16:34:49.254000 - lu addresses fetched.....
2020-09-25 16:34:49.370000 - Exception caught:  'dict' object has no attribute 'item'
2020-09-25 16:34:49.380000 - Python process complete...
2020-09-25 16:35:42.854000 - Beginning python process...
2020-09-25 16:35:42.857000 - Accessing list of services...
2020-09-25 16:35:51.465000 - lu addresses fetched.....
2020-09-25 16:35:51.571000 - Exception caught:  list indices must be integers, not str
2020-09-25 16:35:51.580000 - Python process complete...
2020-09-25 16:36:35.136000 - Beginning python process...
2020-09-25 16:36:35.139000 - Accessing list of services...
2020-09-25 16:36:44.284000 - lu addresses fetched.....
2020-09-25 16:38:34.975000 - Beginning python process...
2020-09-25 16:38:34.979000 - Accessing list of services...
2020-09-25 16:38:43.193000 - lu addresses fetched.....
2020-09-25 16:38:43.302000 - Exception caught:  'dict' object has no attribute 'json'
2020-09-25 16:38:43.317000 - Python process complete...
2020-09-25 16:42:40.738000 - Beginning python process...
2020-09-25 16:42:40.741000 - Accessing list of services...
2020-09-25 16:42:48.945000 - lu addresses fetched.....
2020-09-25 16:43:44.599000 - Beginning python process...
2020-09-25 16:43:44.602000 - Accessing list of services...
2020-09-25 16:43:53.053000 - lu addresses fetched.....
2020-09-25 16:46:17.166000 - Beginning python process...
2020-09-25 16:46:17.169000 - Accessing list of services...
2020-09-25 16:46:25.520000 - lu addresses fetched.....
2020-09-25 16:47:09.167000 - Beginning python process...
2020-09-25 16:47:09.171000 - Accessing list of services...
2020-09-25 16:47:18.179000 - lu addresses fetched.....
2020-09-25 16:50:49.022000 - Beginning python process...
2020-09-25 16:50:49.025000 - Accessing list of services...
2020-09-25 16:50:57.535000 - lu addresses fetched.....
2020-09-25 16:50:57.656000 - Exception caught:  'dict' object has no attribute 'append'
2020-09-25 16:50:57.697000 - Python process complete...
2020-09-25 16:51:31.178000 - Beginning python process...
2020-09-25 16:51:31.182000 - Accessing list of services...
2020-09-25 16:51:39.338000 - lu addresses fetched.....
2020-09-25 16:55:30.408000 - Beginning python process...
2020-09-25 16:55:30.411000 - Accessing list of services...
2020-09-25 16:55:38.560000 - lu addresses fetched.....
2020-09-25 16:55:38.690000 - Exception caught:  cannot concatenate 'str' and 'NoneType' objects
2020-09-25 16:55:38.698000 - Python process complete...
2020-09-25 16:56:23.388000 - Beginning python process...
2020-09-25 16:56:23.392000 - Accessing list of services...
2020-09-25 16:56:31.608000 - lu addresses fetched.....
2020-09-25 16:56:31.730000 - Exception caught:  coercing to Unicode: need string or buffer, NoneType found
2020-09-25 16:56:31.737000 - Python process complete...
2020-09-25 16:57:33.343000 - Beginning python process...
2020-09-25 16:57:33.346000 - Accessing list of services...
2020-09-25 16:57:42.142000 - lu addresses fetched.....
2020-09-25 16:57:42.272000 - Exception caught:  coercing to Unicode: need string or buffer, NoneType found
2020-09-25 16:57:42.279000 - Python process complete...
2020-09-25 17:00:17.262000 - Beginning python process...
2020-09-25 17:00:17.265000 - Accessing list of services...
2020-09-25 17:00:26.256000 - lu addresses fetched.....
2020-09-25 17:00:26.420000 - Exception caught:  coercing to Unicode: need string or buffer, NoneType found
2020-09-25 17:00:26.427000 - Python process complete...
2020-09-25 17:01:37.725000 - Beginning python process...
2020-09-25 17:01:37.728000 - Accessing list of services...
2020-09-25 17:01:46.071000 - lu addresses fetched.....
2020-09-25 17:01:46.218000 - Exception caught:  coercing to Unicode: need string or buffer, NoneType found
2020-09-25 17:01:46.225000 - Python process complete...
2020-09-25 17:02:09.749000 - Beginning python process...
2020-09-25 17:02:09.752000 - Accessing list of services...
2020-09-25 17:02:18.041000 - lu addresses fetched.....
2020-09-25 17:02:18.152000 - Exception caught:  coercing to Unicode: need string or buffer, NoneType found
2020-09-25 17:02:18.160000 - Python process complete...
2020-09-25 17:04:07.715000 - Beginning python process...
2020-09-25 17:04:07.718000 - Accessing list of services...
2020-09-25 17:04:15.891000 - lu addresses fetched.....
2020-09-25 17:14:10.013000 - Exception caught:  'countryISO'
2020-09-25 17:14:10.076000 - Python process complete...
2020-09-28 14:55:30.823000 - Beginning python process...
2020-09-28 14:55:30.826000 - Accessing list of services...
2020-09-28 14:55:39.565000 - lu addresses fetched.....
2020-09-28 14:57:27.351000 - Beginning python process...
2020-09-28 14:57:27.354000 - Accessing list of services...
2020-09-28 14:57:35.796000 - lu addresses fetched.....
2020-09-28 14:57:36.023000 - Exception caught:  'list' object has no attribute 'items'
2020-09-28 14:57:36.032000 - Python process complete...
2020-09-29 12:42:50.537000 - Beginning python process...
2020-09-29 12:42:50.541000 - Accessing list of services...
2020-09-29 12:42:59.295000 - lu addresses fetched.....
2020-09-29 12:43:06.064000 - Exception caught:  'list' object has no attribute 'items'
2020-09-29 12:43:06.075000 - Python process complete...
2020-09-29 12:44:00.939000 - Beginning python process...
2020-09-29 12:44:00.942000 - Accessing list of services...
2020-09-29 12:44:09.672000 - lu addresses fetched.....
2020-09-29 12:44:17.293000 - Exception caught:  'list' object has no attribute 'items'
2020-09-29 12:44:17.303000 - Python process complete...
2020-09-29 12:45:18.082000 - Beginning python process...
2020-09-29 12:45:18.086000 - Accessing list of services...
2020-09-29 12:45:26.675000 - lu addresses fetched.....
2020-09-29 12:46:27.690000 - Beginning python process...
2020-09-29 12:46:27.694000 - Accessing list of services...
2020-09-29 12:46:36.215000 - lu addresses fetched.....
2020-09-29 12:46:36.327000 - Exception caught:  0
2020-09-29 12:46:36.367000 - Python process complete...
2020-09-29 12:46:48.056000 - Beginning python process...
2020-09-29 12:46:48.059000 - Accessing list of services...
2020-09-29 12:46:56.359000 - lu addresses fetched.....
2020-09-29 12:48:07.050000 - Beginning python process...
2020-09-29 12:48:07.053000 - Accessing list of services...
2020-09-29 12:48:15.397000 - lu addresses fetched.....
2020-09-29 12:49:40.574000 - Beginning python process...
2020-09-29 12:49:40.577000 - Accessing list of services...
2020-09-29 12:49:48.753000 - lu addresses fetched.....
2020-09-29 12:59:26.114000 - Beginning python process...
2020-09-29 12:59:26.117000 - Accessing list of services...
2020-09-29 12:59:34.517000 - lu addresses fetched.....
2020-09-29 12:59:34.629000 - adminUnit data with names of levels parsed for all countries hosted by ITOS
2020-09-29 12:59:41.967000 - adminUnit data with names of levels parsed for all countries hosted by ITOS
2020-09-29 12:59:49.438000 - adminUnit data with names of levels parsed for all countries hosted by ITOS
2020-09-29 12:59:57.110000 - adminUnit data with names of levels parsed for all countries hosted by ITOS
2020-09-29 13:00:15.697000 - adminUnit data with names of levels parsed for all countries hosted by ITOS
2020-09-29 13:00:26.768000 - adminUnit data with names of levels parsed for all countries hosted by ITOS
2020-09-29 13:00:36.926000 - adminUnit data with names of levels parsed for all countries hosted by ITOS
2020-09-29 13:00:45.403000 - adminUnit data with names of levels parsed for all countries hosted by ITOS
2020-09-29 13:00:53.857000 - adminUnit data with names of levels parsed for all countries hosted by ITOS
2020-09-29 13:01:02.945000 - adminUnit data with names of levels parsed for all countries hosted by ITOS
2020-09-29 13:01:12.309000 - adminUnit data with names of levels parsed for all countries hosted by ITOS
2020-09-29 13:01:20.937000 - adminUnit data with names of levels parsed for all countries hosted by ITOS
2020-09-29 13:01:28.780000 - adminUnit data with names of levels parsed for all countries hosted by ITOS
2020-09-29 13:01:36.167000 - adminUnit data with names of levels parsed for all countries hosted by ITOS
2020-09-29 13:01:44.840000 - adminUnit data with names of levels parsed for all countries hosted by ITOS
2020-09-29 13:01:53.429000 - adminUnit data with names of levels parsed for all countries hosted by ITOS
2020-09-29 13:02:02.953000 - adminUnit data with names of levels parsed for all countries hosted by ITOS
2020-09-29 13:02:11.894000 - adminUnit data with names of levels parsed for all countries hosted by ITOS
2020-09-29 13:02:18.765000 - adminUnit data with names of levels parsed for all countries hosted by ITOS
2020-09-29 13:02:26.728000 - adminUnit data with names of levels parsed for all countries hosted by ITOS
2020-09-29 13:02:35.483000 - adminUnit data with names of levels parsed for all countries hosted by ITOS
2020-09-29 13:02:42.490000 - adminUnit data with names of levels parsed for all countries hosted by ITOS
2020-09-29 13:02:51.133000 - adminUnit data with names of levels parsed for all countries hosted by ITOS
2020-09-29 13:03:09.073000 - adminUnit data with names of levels parsed for all countries hosted by ITOS
2020-09-29 13:03:17.327000 - adminUnit data with names of levels parsed for all countries hosted by ITOS
2020-09-29 13:03:25.251000 - adminUnit data with names of levels parsed for all countries hosted by ITOS
2020-09-29 13:03:32.992000 - adminUnit data with names of levels parsed for all countries hosted by ITOS
2020-09-29 13:03:41.135000 - adminUnit data with names of levels parsed for all countries hosted by ITOS
2020-09-29 13:03:50.177000 - adminUnit data with names of levels parsed for all countries hosted by ITOS
2020-09-29 13:03:58.955000 - adminUnit data with names of levels parsed for all countries hosted by ITOS
2020-09-29 13:04:06.305000 - adminUnit data with names of levels parsed for all countries hosted by ITOS
2020-09-29 13:04:13.896000 - adminUnit data with names of levels parsed for all countries hosted by ITOS
2020-09-29 13:04:20.865000 - adminUnit data with names of levels parsed for all countries hosted by ITOS
2020-09-29 13:04:27.973000 - adminUnit data with names of levels parsed for all countries hosted by ITOS
2020-09-29 13:04:35.385000 - adminUnit data with names of levels parsed for all countries hosted by ITOS
2020-09-29 13:04:43.819000 - adminUnit data with names of levels parsed for all countries hosted by ITOS
2020-09-29 13:04:51.830000 - adminUnit data with names of levels parsed for all countries hosted by ITOS
2020-09-29 13:05:00.554000 - adminUnit data with names of levels parsed for all countries hosted by ITOS
2020-09-29 13:05:08.528000 - adminUnit data with names of levels parsed for all countries hosted by ITOS
2020-09-29 13:05:15.932000 - adminUnit data with names of levels parsed for all countries hosted by ITOS
2020-09-29 13:05:23.975000 - adminUnit data with names of levels parsed for all countries hosted by ITOS
2020-09-29 13:05:31.147000 - adminUnit data with names of levels parsed for all countries hosted by ITOS
2020-09-29 13:05:48.300000 - adminUnit data with names of levels parsed for all countries hosted by ITOS
2020-09-29 13:05:55.923000 - adminUnit data with names of levels parsed for all countries hosted by ITOS
2020-09-29 13:06:02.907000 - adminUnit data with names of levels parsed for all countries hosted by ITOS
2020-09-29 13:06:09.948000 - adminUnit data with names of levels parsed for all countries hosted by ITOS
2020-09-29 13:06:16.766000 - adminUnit data with names of levels parsed for all countries hosted by ITOS
2020-09-29 13:06:23.590000 - adminUnit data with names of levels parsed for all countries hosted by ITOS
2020-09-29 13:06:31.912000 - adminUnit data with names of levels parsed for all countries hosted by ITOS
2020-09-29 13:06:39.233000 - adminUnit data with names of levels parsed for all countries hosted by ITOS
2020-09-29 13:06:57.502000 - adminUnit data with names of levels parsed for all countries hosted by ITOS
2020-09-29 13:07:04.379000 - adminUnit data with names of levels parsed for all countries hosted by ITOS
2020-09-29 13:07:12.297000 - adminUnit data with names of levels parsed for all countries hosted by ITOS
2020-09-29 13:07:19.503000 - adminUnit data with names of levels parsed for all countries hosted by ITOS
2020-09-29 13:07:26.663000 - adminUnit data with names of levels parsed for all countries hosted by ITOS
2020-09-29 13:07:33.859000 - adminUnit data with names of levels parsed for all countries hosted by ITOS
2020-09-29 13:07:41.528000 - adminUnit data with names of levels parsed for all countries hosted by ITOS
2020-09-29 13:07:49.618000 - adminUnit data with names of levels parsed for all countries hosted by ITOS
2020-09-29 13:07:57.480000 - adminUnit data with names of levels parsed for all countries hosted by ITOS
2020-09-29 13:08:04.752000 - adminUnit data with names of levels parsed for all countries hosted by ITOS
2020-09-29 13:08:13.329000 - adminUnit data with names of levels parsed for all countries hosted by ITOS
2020-09-29 13:08:20.465000 - adminUnit data with names of levels parsed for all countries hosted by ITOS
2020-09-29 13:08:28.602000 - adminUnit data with names of levels parsed for all countries hosted by ITOS
2020-09-29 13:08:35.415000 - adminUnit data with names of levels parsed for all countries hosted by ITOS
2020-09-29 13:08:42.929000 - adminUnit data with names of levels parsed for all countries hosted by ITOS
2020-09-29 13:08:50.507000 - adminUnit data with names of levels parsed for all countries hosted by ITOS
2020-09-29 13:08:58.078000 - adminUnit data with names of levels parsed for all countries hosted by ITOS
2020-09-29 13:09:05.201000 - adminUnit data with names of levels parsed for all countries hosted by ITOS
2020-09-29 13:09:13.400000 - adminUnit data with names of levels parsed for all countries hosted by ITOS
2020-09-29 13:09:20.665000 - adminUnit data with names of levels parsed for all countries hosted by ITOS
2020-09-29 13:09:22.761000 - Beginning python process...
2020-09-29 13:09:22.764000 - Accessing list of services...
2020-09-29 13:09:30.985000 - lu addresses fetched.....
2020-09-29 13:13:55.835000 - Beginning python process...
2020-09-29 13:13:55.839000 - Accessing list of services...
2020-09-29 13:14:04.914000 - lu addresses fetched.....
2020-09-29 13:15:43.910000 - Beginning python process...
2020-09-29 13:15:43.914000 - Accessing list of services...
2020-09-29 13:15:52.260000 - lu addresses fetched.....
2020-09-29 13:15:52.376000 - AFG parsed
2020-09-29 13:15:52.494000 - AFG parsed
2020-09-29 13:15:52.603000 - AGO parsed
2020-09-29 13:15:52.724000 - BDI parsed
2020-09-29 13:15:52.838000 - BEN parsed
2020-09-29 13:15:52.945000 - BFA parsed
2020-09-29 13:15:53.051000 - BGD parsed
2020-09-29 13:15:53.159000 - BOL parsed
2020-09-29 13:15:53.270000 - CAF parsed
2020-09-29 13:15:53.416000 - CIV parsed
2020-09-29 13:15:53.561000 - CMR parsed
2020-09-29 13:15:53.675000 - CMR parsed
2020-09-29 13:15:53.790000 - COD parsed
2020-09-29 13:16:05.614000 - COD parsed
2020-09-29 13:16:14.763000 - COG parsed
2020-09-29 13:16:14.893000 - COL parsed
2020-09-29 13:16:15.019000 - COM parsed
2020-09-29 13:16:22.767000 - ECU parsed
2020-09-29 13:16:22.878000 - EGY parsed
2020-09-29 13:16:29.680000 - EGY parsed
2020-09-29 13:16:29.802000 - ERI parsed
2020-09-29 13:16:38.111000 - ETH parsed
2020-09-29 13:16:45.782000 - GEO parsed
2020-09-29 13:17:05.091000 - GEO parsed
2020-09-29 13:17:14.353000 - GIN parsed
2020-09-29 13:17:22.876000 - GTM parsed
2020-09-29 13:17:29.936000 - HND parsed
2020-09-29 13:17:36.452000 - HTI parsed
2020-09-29 13:17:36.585000 - HTI parsed
2020-09-29 13:17:45.723000 - HTI parsed
2020-09-29 13:17:45.833000 - IDN parsed
2020-09-29 13:17:53.980000 - IRN parsed
2020-09-29 13:17:54.177000 - IRN parsed
2020-09-29 13:18:02.021000 - IRQ parsed
2020-09-29 13:18:11.009000 - IRQ parsed
2020-09-29 13:18:11.188000 - KDN parsed
2020-09-29 13:18:11.305000 - KEN parsed
2020-09-29 13:18:19.806000 - KGZ parsed
2020-09-29 13:18:28.439000 - KGZ parsed
2020-09-29 13:18:28.630000 - KGZ parsed
2020-09-29 13:18:28.746000 - KHM parsed
2020-09-29 13:18:36.904000 - LAO parsed
2020-09-29 13:18:37.031000 - LAO parsed
2020-09-29 13:18:44.870000 - LBN parsed
2020-09-29 13:18:53.113000 - LBN parsed
2020-09-29 13:18:53.258000 - LBR parsed
2020-09-29 13:18:53.427000 - LBY parsed
2020-09-29 13:19:01.882000 - LBY parsed
2020-09-29 13:19:02.025000 - LKA parsed
2020-09-29 13:19:11.570000 - LKA parsed
2020-09-29 13:19:32.048000 - LKA parsed
2020-09-29 13:19:32.227000 - MEX parsed
2020-09-29 13:19:32.408000 - MLI parsed
2020-09-29 13:19:32.534000 - MOZ parsed
2020-09-29 13:19:40.295000 - MRT parsed
2020-09-29 13:19:47.401000 - MWI parsed
2020-09-29 13:19:55.289000 - NAM parsed
2020-09-29 13:19:55.425000 - NER parsed
2020-09-29 13:19:55.556000 - NGA parsed
2020-09-29 13:19:55.673000 - NIC parsed
2020-09-29 13:19:55.894000 - NPL parsed
2020-09-29 13:19:56.002000 - PAK parsed
2020-09-29 13:19:56.109000 - PER parsed
2020-09-29 13:20:03.628000 - PHL parsed
2020-09-29 13:20:11.540000 - PNG parsed
2020-09-29 13:20:18.753000 - PRK parsed
2020-09-29 13:20:26.003000 - SDN parsed
2020-09-29 13:20:26.124000 - SDN parsed
2020-09-29 13:20:26.237000 - SEN parsed
2020-09-29 13:20:26.359000 - SLE parsed
2020-09-29 13:20:33.726000 - SOM parsed
2020-09-29 13:20:41.647000 - SSD parsed
2020-09-29 13:20:49.240000 - SYR parsed
2020-09-29 13:20:56.614000 - SYR parsed
2020-09-29 13:21:04.272000 - TCD parsed
2020-09-29 13:21:12.681000 - TGO parsed
2020-09-29 13:21:21.305000 - THA parsed
2020-09-29 13:21:37.322000 - THA parsed
2020-09-29 13:21:44.468000 - TLS parsed
2020-09-29 13:21:52.098000 - UGA parsed
2020-09-29 13:22:00.818000 - UKR parsed
2020-09-29 13:22:09.577000 - UKR parsed
2020-09-29 13:22:16.660000 - UKR parsed
2020-09-29 13:22:25.673000 - VNM parsed
2020-09-29 13:22:33.332000 - VNM parsed
2020-09-29 13:22:40.940000 - VUT parsed
2020-09-29 13:22:49.203000 - YEM parsed
2020-09-29 13:22:57.127000 - YEM parsed
2020-09-29 13:23:05.335000 - ZWE parsed
2020-09-29 13:23:05.338000 - adminUnit data with names of levels parsed for all countries hosted by ITOS
2020-09-29 13:23:05.351000 - Python process complete...
2020-09-29 13:38:46.626000 - Beginning python process...
2020-09-29 13:38:46.630000 - Accessing list of services...
2020-09-29 13:38:55.056000 - lu addresses fetched.....
2020-09-29 13:39:04.007000 - AFG parsed
2020-09-29 13:39:12.260000 - AFG parsed
2020-09-29 13:40:17.934000 - Beginning python process...
2020-09-29 13:40:17.938000 - Accessing list of services...
2020-09-29 13:40:26.317000 - lu addresses fetched.....
2020-09-29 13:40:26.569000 - AFG parsed
2020-09-29 13:40:33.884000 - AFG parsed
2020-09-29 13:40:34.154000 - AGO parsed
2020-09-29 13:47:47.825000 - Beginning python process...
2020-09-29 13:47:47.828000 - Accessing list of services...
2020-09-29 13:47:56.475000 - lu addresses fetched.....
2020-09-29 13:48:03.134000 - AFG parsed
2020-09-29 13:48:03.279000 - AFG parsed
2020-09-29 13:48:10.822000 - AGO parsed
2020-09-29 13:48:18.092000 - BDI parsed
2020-09-29 13:48:26.897000 - BEN parsed
2020-09-29 13:48:34.770000 - BFA parsed
2020-09-29 13:48:43.640000 - BGD parsed
2020-09-29 13:48:51.864000 - BOL parsed
2020-09-29 13:49:00.458000 - CAF parsed
2020-09-29 13:49:08.493000 - CIV parsed
2020-09-29 13:49:16.172000 - CMR parsed
2020-09-29 13:49:23.323000 - CMR parsed
2020-09-29 13:49:30.481000 - COD parsed
2020-09-29 13:49:37.782000 - COD parsed
2020-09-29 13:49:44.584000 - COG parsed
2020-09-29 13:49:52.145000 - COL parsed
2020-09-29 13:50:00.143000 - COM parsed
2020-09-29 13:50:07.969000 - ECU parsed
2020-09-29 13:50:16.200000 - EGY parsed
2020-09-29 13:50:25.032000 - EGY parsed
2020-09-29 13:50:33.885000 - ERI parsed
2020-09-29 13:50:41.426000 - ETH parsed
2020-09-29 13:50:49.138000 - GEO parsed
2020-09-29 13:51:07.516000 - GEO parsed
2020-09-29 13:51:14.806000 - GIN parsed
2020-09-29 13:51:21.709000 - GTM parsed
2020-09-29 13:51:29.125000 - HND parsed
2020-09-29 13:51:36.480000 - HTI parsed
2020-09-29 13:51:45.289000 - HTI parsed
2020-09-29 13:51:53.677000 - HTI parsed
2020-09-29 13:52:01.363000 - IDN parsed
2020-09-29 13:54:20.027000 - Beginning python process...
2020-09-29 13:54:20.031000 - Accessing list of services...
2020-09-29 13:54:28.183000 - lu addresses fetched.....
2020-09-29 13:54:28.289000 - AFG parsed
2020-09-29 13:54:28.408000 - AFG parsed
2020-09-29 13:54:28.527000 - AGO parsed
2020-09-29 13:54:28.649000 - BDI parsed
2020-09-29 13:54:35.838000 - BEN parsed
2020-09-29 13:54:44.339000 - BFA parsed
2020-09-29 13:54:53.597000 - BGD parsed
2020-09-29 13:55:03.375000 - BOL parsed
2020-09-29 13:55:10.701000 - CAF parsed
2020-09-29 13:55:10.826000 - CIV parsed
2020-09-29 13:55:10.949000 - CMR parsed
2020-09-29 13:55:11.109000 - CMR parsed
2020-09-29 13:55:18.263000 - COD parsed
2020-09-29 13:55:25.327000 - COD parsed
2020-09-29 13:55:32.604000 - COG parsed
2020-09-29 13:56:55.161000 - Beginning python process...
2020-09-29 13:56:55.165000 - Accessing list of services...
2020-09-29 13:57:03.537000 - lu addresses fetched.....
2020-09-29 13:57:03.660000 - AFG parsed
2020-09-29 13:57:03.786000 - AFG parsed
2020-09-29 13:57:03.909000 - AGO parsed
2020-09-29 13:57:04.042000 - BDI parsed
2020-09-29 13:57:04.162000 - BEN parsed
2020-09-29 13:57:04.289000 - BFA parsed
2020-09-29 13:57:04.426000 - BGD parsed
2020-09-29 13:57:04.553000 - BOL parsed
2020-09-29 13:57:04.687000 - CAF parsed
2020-09-29 13:57:12.299000 - CIV parsed
2020-09-29 13:57:12.450000 - CMR parsed
2020-09-29 13:57:19.528000 - CMR parsed
2020-09-29 13:57:19.662000 - COD parsed
2020-09-29 13:57:19.777000 - COD parsed
2020-09-29 13:57:19.899000 - COG parsed
2020-09-29 13:57:20.017000 - COL parsed
2020-09-29 13:57:20.146000 - COM parsed
2020-09-29 13:57:20.278000 - ECU parsed
2020-09-29 13:57:29.688000 - EGY parsed
2020-09-29 13:57:29.839000 - EGY parsed
2020-09-29 13:57:37.121000 - ERI parsed
2020-09-29 13:57:37.248000 - ETH parsed
2020-09-29 13:57:45.088000 - GEO parsed
2020-09-29 13:57:45.220000 - GEO parsed
2020-09-29 13:57:45.358000 - GIN parsed
2020-09-29 13:57:53.112000 - GTM parsed
2020-09-29 13:57:53.251000 - HND parsed
2020-09-29 13:58:00.874000 - HTI parsed
2020-09-29 13:58:08.109000 - HTI parsed
2020-09-29 13:58:17.337000 - HTI parsed
2020-09-29 13:58:27.808000 - IDN parsed
2020-09-29 13:58:37.815000 - IRN parsed
2020-09-29 13:58:46.065000 - IRN parsed
2020-09-29 13:58:55.314000 - IRQ parsed
2020-09-29 13:59:03.999000 - IRQ parsed
2020-09-29 13:59:15.116000 - KDN parsed
2020-09-29 13:59:24.479000 - KEN parsed
2020-09-29 13:59:32.269000 - KGZ parsed
2020-09-29 13:59:40.574000 - KGZ parsed
2020-09-29 13:59:48.600000 - KGZ parsed
2020-09-29 13:59:56.886000 - KHM parsed
2020-09-29 14:00:11.121000 - LAO parsed
2020-09-29 14:00:31.641000 - LAO parsed
2020-09-29 14:00:41.486000 - LBN parsed
2020-09-29 14:00:50.078000 - LBN parsed
2020-09-29 14:00:58.988000 - LBR parsed
2020-09-29 14:01:09.807000 - LBY parsed
2020-09-29 14:01:18.514000 - LBY parsed
2020-09-29 14:01:25.895000 - LKA parsed
2020-09-29 14:01:34.420000 - LKA parsed
2020-09-29 14:01:58.087000 - LKA parsed
2020-09-29 14:02:06.403000 - MEX parsed
2020-09-29 14:02:15.014000 - MLI parsed
2020-09-29 14:02:21.864000 - MOZ parsed
2020-09-29 14:02:28.444000 - MRT parsed
2020-09-29 14:02:36.788000 - MWI parsed
2020-09-29 14:02:43.843000 - NAM parsed
2020-09-29 14:02:51.935000 - NER parsed
2020-09-29 14:03:00.717000 - NGA parsed
2020-09-29 14:03:07.831000 - NIC parsed
2020-09-29 14:03:16.832000 - NPL parsed
2020-09-29 14:03:23.861000 - PAK parsed
2020-09-29 14:03:30.905000 - PER parsed
2020-09-29 14:03:38.171000 - PHL parsed
2020-09-29 14:03:46.484000 - PNG parsed
2020-09-29 14:03:56.342000 - PRK parsed
2020-09-29 14:04:04.436000 - SDN parsed
2020-09-29 14:04:12.733000 - SDN parsed
2020-09-29 14:04:21.340000 - SEN parsed
2020-09-29 14:04:29.307000 - SLE parsed
2020-09-29 14:04:37.527000 - SOM parsed
2020-09-29 14:04:45.103000 - SSD parsed
2020-09-29 14:04:53.030000 - SYR parsed
2020-09-29 14:05:00.282000 - SYR parsed
2020-09-29 14:05:07.940000 - TCD parsed
2020-09-29 14:05:17.403000 - TGO parsed
2020-09-29 14:05:25.016000 - THA parsed
2020-09-29 14:05:41.810000 - THA parsed
2020-09-29 14:05:49.750000 - TLS parsed
2020-09-29 14:05:57.896000 - UGA parsed
2020-09-29 14:06:05.881000 - UKR parsed
2020-09-29 14:06:13.831000 - UKR parsed
2020-09-29 14:06:21.628000 - UKR parsed
2020-09-29 14:06:29.500000 - VNM parsed
2020-09-29 14:06:37.752000 - VNM parsed
2020-09-29 14:06:45.693000 - VUT parsed
2020-09-29 14:06:54.438000 - YEM parsed
2020-09-29 14:07:04.445000 - YEM parsed
2020-09-29 14:07:12.501000 - ZWE parsed
2020-09-29 14:07:12.505000 - adminUnit data with names of levels parsed for all countries hosted by ITOS
2020-09-29 14:07:12.549000 - Python process complete...
2020-09-29 14:07:12.558000 - Python process complete...
