2020-08-10 10:19:55.054000 - Beginning python process...
2020-08-10 10:19:55.056000 - Accessing list of services...
2020-08-10 10:20:04.678000 - Exception caught:  1
2020-08-10 10:20:04.733000 - Python process complete...
2020-08-10 10:22:18.442000 - Beginning python process...
2020-08-10 10:22:18.444000 - Accessing list of services...
2020-08-10 10:22:19.713000 - Exception caught:  1
2020-08-10 10:22:19.761000 - Python process complete...
2020-08-10 10:22:42.015000 - Beginning python process...
2020-08-10 10:22:42.017000 - Accessing list of services...
2020-08-10 10:22:43.373000 - Exception caught:  1
2020-08-10 10:22:43.462000 - Python process complete...
2020-08-10 10:24:07.525000 - Beginning python process...
2020-08-10 10:24:07.527000 - Accessing list of services...
2020-08-10 10:26:11.824000 - Beginning python process...
2020-08-10 10:26:11.826000 - Accessing list of services...
2020-08-10 10:28:09.690000 - Beginning python process...
2020-08-10 10:28:09.693000 - Accessing list of services...
2020-08-10 10:28:11.031000 - Exception caught:  1
2020-08-10 10:28:11.050000 - Python process complete...
2020-08-10 10:29:15.690000 - Beginning python process...
2020-08-10 10:29:15.698000 - Accessing list of services...
2020-08-10 10:29:17.126000 - Exception caught:  1
2020-08-10 10:29:17.189000 - Python process complete...
2020-08-10 10:29:30.902000 - Beginning python process...
2020-08-10 10:29:30.904000 - Accessing list of services...
2020-08-10 10:29:32.317000 - Exception caught:  1
2020-08-10 10:29:32.383000 - Python process complete...
2020-08-10 10:30:18.336000 - Beginning python process...
2020-08-10 10:30:18.338000 - Accessing list of services...
2020-08-10 10:30:19.592000 - Exception caught:  'dict' object has no attribute 'len'
2020-08-10 10:30:19.649000 - Python process complete...
2020-08-10 10:31:00.620000 - Beginning python process...
2020-08-10 10:31:00.622000 - Accessing list of services...
2020-08-10 10:31:01.971000 - Exception caught:  1
2020-08-10 10:31:01.994000 - Python process complete...
2020-08-10 10:31:32.535000 - Beginning python process...
2020-08-10 10:31:32.537000 - Accessing list of services...
2020-08-10 10:31:33.953000 - Exception caught:  1
2020-08-10 10:31:34.023000 - Python process complete...
2020-08-10 10:32:06.732000 - Beginning python process...
2020-08-10 10:32:06.735000 - Accessing list of services...
2020-08-10 10:32:08.096000 - Exception caught:  'attributes'
2020-08-10 10:32:08.118000 - Python process complete...
2020-08-10 10:32:37.080000 - Beginning python process...
2020-08-10 10:32:37.083000 - Accessing list of services...
2020-08-10 10:36:38.869000 - Beginning python process...
2020-08-10 10:36:38.871000 - Accessing list of services...
2020-08-10 11:15:16.111000 - Beginning python process...
2020-08-10 11:15:16.113000 - Accessing list of services...
2020-08-10 11:15:25.075000 - Exception caught:  'attributes'
2020-08-10 11:15:25.098000 - Python process complete...
2020-08-10 11:17:22.579000 - Beginning python process...
2020-08-10 11:17:22.581000 - Accessing list of services...
2020-08-10 11:17:24.543000 - Exception caught:  'attributes'
2020-08-10 11:17:24.568000 - Python process complete...
2020-08-10 11:18:35.366000 - Beginning python process...
2020-08-10 11:18:35.369000 - Accessing list of services...
2020-08-10 11:18:45.371000 - Exception caught:  'attributes'
2020-08-10 11:18:45.396000 - Python process complete...
2020-08-10 11:19:57.439000 - Beginning python process...
2020-08-10 11:19:57.441000 - Accessing list of services...
2020-08-10 11:19:59.422000 - Exception caught:  'attributes'
2020-08-10 11:19:59.453000 - Python process complete...
2020-08-10 11:20:18.015000 - Beginning python process...
2020-08-10 11:20:18.018000 - Accessing list of services...
2020-08-10 11:20:19.802000 - Exception caught:  'attributes'
2020-08-10 11:20:19.834000 - Python process complete...
2020-08-10 11:21:02.656000 - Beginning python process...
2020-08-10 11:21:02.659000 - Accessing list of services...
2020-08-10 11:21:04.621000 - Exception caught:  list indices must be integers, not str
2020-08-10 11:21:04.658000 - Python process complete...
2020-08-10 11:21:56.266000 - Beginning python process...
2020-08-10 11:21:56.269000 - Accessing list of services...
2020-08-10 11:26:24.564000 - Beginning python process...
2020-08-10 11:26:24.566000 - Accessing list of services...
2020-08-10 11:29:15.560000 - Beginning python process...
2020-08-10 11:29:15.562000 - Accessing list of services...
2020-08-10 11:30:47.131000 - Exception caught:  string index out of range
2020-08-10 11:30:47.170000 - Python process complete...
2020-08-10 11:33:05.617000 - Beginning python process...
2020-08-10 11:33:05.620000 - Accessing list of services...
2020-08-10 11:36:16.540000 - Beginning python process...
2020-08-10 11:36:16.543000 - Accessing list of services...
2020-08-10 11:37:15.989000 - Exception caught:  string index out of range
2020-08-10 11:37:16.025000 - Python process complete...
2020-08-10 11:39:53.463000 - Beginning python process...
2020-08-10 11:39:53.465000 - Accessing list of services...
2020-08-10 11:39:55.664000 - Exception caught:  string indices must be integers, not str
2020-08-10 11:39:55.748000 - Python process complete...
2020-08-10 11:40:57.184000 - Beginning python process...
2020-08-10 11:40:57.186000 - Accessing list of services...
2020-08-10 11:40:59.302000 - Exception caught:  string indices must be integers, not str
2020-08-10 11:40:59.374000 - Python process complete...
2020-08-10 11:41:23.720000 - Beginning python process...
2020-08-10 11:41:23.723000 - Accessing list of services...
2020-08-10 11:41:25.576000 - Exception caught:  'attributes'
2020-08-10 11:41:25.621000 - Python process complete...
2020-08-10 11:43:27.215000 - Beginning python process...
2020-08-10 11:43:27.217000 - Accessing list of services...
2020-08-10 11:43:29.780000 - Exception caught:  string indices must be integers
2020-08-10 11:43:29.876000 - Python process complete...
2020-08-10 11:46:58.267000 - Beginning python process...
2020-08-10 11:46:58.270000 - Accessing list of services...
2020-08-10 11:47:00.972000 - Exception caught:  string indices must be integers, not str
2020-08-10 11:47:01.012000 - Python process complete...
2020-08-10 11:48:10.568000 - Beginning python process...
2020-08-10 11:48:10.570000 - Accessing list of services...
2020-08-10 11:48:13.385000 - Exception caught:  string indices must be integers, not str
2020-08-10 11:48:13.478000 - Python process complete...
2020-08-10 11:49:29.078000 - Beginning python process...
2020-08-10 11:49:29.081000 - Accessing list of services...
2020-08-10 11:53:04.528000 - Beginning python process...
2020-08-10 11:53:04.531000 - Accessing list of services...
2020-08-10 11:53:07.255000 - Exception caught:  string indices must be integers, not str
2020-08-10 11:53:07.298000 - Python process complete...
2020-08-10 11:56:37.915000 - Beginning python process...
2020-08-10 11:56:37.918000 - Accessing list of services...
2020-08-10 11:56:40.413000 - Exception caught:  global name 'fesvc' is not defined
2020-08-10 11:56:40.447000 - Python process complete...
2020-08-10 11:57:44.980000 - Beginning python process...
2020-08-10 11:57:44.982000 - Accessing list of services...
2020-08-10 12:01:04.027000 - Exception caught:  'features'
2020-08-10 12:01:04.051000 - Python process complete...
2020-08-10 14:25:42.128000 - Beginning python process...
2020-08-10 14:25:42.130000 - Accessing list of services...
2020-08-10 14:25:51.571000 - Exception caught:  0
2020-08-10 14:25:51.644000 - Python process complete...
2020-08-10 14:26:15.557000 - Beginning python process...
2020-08-10 14:26:15.559000 - Accessing list of services...
2020-08-10 14:26:24.766000 - Exception caught:  'admin0Name_en'
2020-08-10 14:26:24.842000 - Python process complete...
2020-08-10 14:26:45.371000 - Beginning python process...
2020-08-10 14:26:45.374000 - Accessing list of services...
2020-08-10 14:29:45.001000 - Beginning python process...
2020-08-10 14:29:45.003000 - Accessing list of services...
2020-08-10 14:29:53.748000 - Exception caught:  'admin0Name'
2020-08-10 14:29:53.787000 - Python process complete...
2020-08-10 14:31:03.386000 - Beginning python process...
2020-08-10 14:31:03.389000 - Accessing list of services...
2020-08-10 14:31:05.787000 - Exception caught:  'admin0Name'
2020-08-10 14:31:05.861000 - Python process complete...
2020-08-10 14:32:14.176000 - Beginning python process...
2020-08-10 14:32:14.179000 - Accessing list of services...
2020-08-10 14:32:17.143000 - Exception caught:  'admin0Name_en'
2020-08-10 14:32:17.164000 - Python process complete...
2020-08-10 14:37:27.382000 - Beginning python process...
2020-08-10 14:37:27.393000 - Accessing list of services...
2020-08-10 14:37:29.712000 - Exception caught:  expected string or buffer
2020-08-10 14:37:29.749000 - Python process complete...
2020-08-10 14:38:02.016000 - Beginning python process...
2020-08-10 14:38:02.019000 - Accessing list of services...
2020-08-10 14:41:09.319000 - Exception caught:  'features'
2020-08-10 14:41:09.337000 - Python process complete...
2020-08-10 14:44:56.691000 - Beginning python process...
2020-08-10 14:44:56.693000 - Accessing list of services...
2020-08-10 14:44:59.496000 - Exception caught:  string indices must be integers
2020-08-10 14:44:59.531000 - Python process complete...
2020-08-10 14:47:07.674000 - Beginning python process...
2020-08-10 14:47:07.676000 - Accessing list of services...
2020-08-10 14:47:10.336000 - Exception caught:  string indices must be integers
2020-08-10 14:47:10.395000 - Python process complete...
2020-08-10 14:49:39.703000 - Beginning python process...
2020-08-10 14:49:39.705000 - Accessing list of services...
2020-08-10 14:52:03.806000 - Exception caught:  'features'
2020-08-10 14:52:03.868000 - Python process complete...
2020-08-10 16:43:33.697000 - Beginning python process...
2020-08-10 16:43:33.700000 - Accessing list of services...
2020-08-10 16:47:43.993000 - Exception caught:  'features'
2020-08-10 16:47:44.009000 - Python process complete...
2020-08-10 16:59:27.891000 - Beginning python process...
2020-08-10 16:59:27.894000 - Accessing list of services...
2020-08-10 17:02:44.375000 - Exception caught:  'features'
2020-08-10 17:02:44.430000 - Python process complete...
2020-08-10 17:07:42.638000 - Beginning python process...
2020-08-10 17:07:42.641000 - Accessing list of services...
2020-08-10 17:12:07.897000 - Exception caught:  'features'
2020-08-10 17:12:07.975000 - Python process complete...
2020-08-10 17:18:50.608000 - Beginning python process...
2020-08-10 17:18:50.611000 - Accessing list of services...
2020-08-10 17:21:21.865000 - Exception caught:  'features'
2020-08-10 17:21:21.938000 - Python process complete...
